  [1m[35m (2.1ms)[0m  [1m[34mSELECT sqlite_version(*)[0m
  [1m[35m (1.2ms)[0m  [1m[35mCREATE TABLE "schema_migrations" ("version" varchar NOT NULL PRIMARY KEY)[0m
  [1m[35m (1.1ms)[0m  [1m[35mCREATE TABLE "ar_internal_metadata" ("key" varchar NOT NULL PRIMARY KEY, "value" varchar, "created_at" datetime(6) NOT NULL, "updated_at" datetime(6) NOT NULL)[0m
  [1m[35m (0.2ms)[0m  [1m[34mSELECT "schema_migrations"."version" FROM "schema_migrations" ORDER BY "schema_migrations"."version" ASC[0m
  [1m[35m (1.5ms)[0m  [1m[34mSELECT sqlite_version(*)[0m
  [1m[35m (0.8ms)[0m  [1m[34mSELECT "schema_migrations"."version" FROM "schema_migrations" ORDER BY "schema_migrations"."version" ASC[0m
Migrating to CreateSmoothies (20210708231058)
  [1m[36mTRANSACTION (0.1ms)[0m  [1m[36mbegin transaction[0m
  [1m[35m (0.7ms)[0m  [1m[35mCREATE TABLE "smoothies" ("id" integer PRIMARY KEY AUTOINCREMENT NOT NULL, "flavor" varchar, "image" varchar, "created_at" datetime(6) NOT NULL, "updated_at" datetime(6) NOT NULL)[0m
  [1m[36mActiveRecord::SchemaMigration Create (0.9ms)[0m  [1m[32mINSERT INTO "schema_migrations" ("version") VALUES (?)[0m  [["version", "20210708231058"]]
  [1m[36mTRANSACTION (1.0ms)[0m  [1m[36mcommit transaction[0m
Migrating to CreateReviews (20210708231519)
  [1m[36mTRANSACTION (0.1ms)[0m  [1m[36mbegin transaction[0m
  [1m[35m (0.5ms)[0m  [1m[35mCREATE TABLE "reviews" ("id" integer PRIMARY KEY AUTOINCREMENT NOT NULL, "comment" varchar, "smoothie_id" integer, "created_at" datetime(6) NOT NULL, "updated_at" datetime(6) NOT NULL)[0m
  [1m[36mActiveRecord::SchemaMigration Create (0.5ms)[0m  [1m[32mINSERT INTO "schema_migrations" ("version") VALUES (?)[0m  [["version", "20210708231519"]]
  [1m[36mTRANSACTION (1.0ms)[0m  [1m[36mcommit transaction[0m
  [1m[36mActiveRecord::InternalMetadata Load (0.6ms)[0m  [1m[34mSELECT "ar_internal_metadata".* FROM "ar_internal_metadata" WHERE "ar_internal_metadata"."key" = ? LIMIT ?[0m  [["key", "environment"], ["LIMIT", 1]]
  [1m[36mTRANSACTION (0.1ms)[0m  [1m[36mbegin transaction[0m
  [1m[36mActiveRecord::InternalMetadata Create (1.1ms)[0m  [1m[32mINSERT INTO "ar_internal_metadata" ("key", "value", "created_at", "updated_at") VALUES (?, ?, ?, ?)[0m  [["key", "environment"], ["value", "development"], ["created_at", "2021-07-09 00:04:13.271116"], ["updated_at", "2021-07-09 00:04:13.271116"]]
  [1m[36mTRANSACTION (1.6ms)[0m  [1m[36mcommit transaction[0m
  [1m[35m (0.1ms)[0m  [1m[34mSELECT sqlite_version(*)[0m
  [1m[35m (0.1ms)[0m  [1m[34mSELECT "schema_migrations"."version" FROM "schema_migrations" ORDER BY "schema_migrations"."version" ASC[0m
Started GET "/smoothies" for 127.0.0.1 at 2021-07-08 20:04:51 -0400
  [1m[35m (2.3ms)[0m  [1m[34mSELECT sqlite_version(*)[0m
  [1m[35m (0.8ms)[0m  [1m[34mSELECT "schema_migrations"."version" FROM "schema_migrations" ORDER BY "schema_migrations"."version" ASC[0m
Processing by SmoothiesController#index as HTML
  [1m[36mSmoothie Load (0.7ms)[0m  [1m[34mSELECT "smoothies".* FROM "smoothies"[0m
  ↳ app/controllers/smoothies_controller.rb:8:in `index'
Completed 200 OK in 19ms (Views: 2.5ms | ActiveRecord: 0.7ms | Allocations: 4170)


Started GET "/smoothie" for 127.0.0.1 at 2021-07-08 20:05:06 -0400
  
ActionController::RoutingError (No route matches [GET] "/smoothie"):
  
Started GET "/reviews" for 127.0.0.1 at 2021-07-08 20:05:20 -0400
  
SyntaxError (/Users/angelicabrantley/Development/js/smoothies_bar_api/app/controllers/reviews_controller.rb:39: syntax error, unexpected local variable or method, expecting '}'
...message: 'Comment' successfully deleted}
...                   ^~~~~~~~~~~~
/Users/angelicabrantley/Development/js/smoothies_bar_api/app/controllers/reviews_controller.rb:53: syntax error, unexpected end-of-input, expecting `end'):
  
app/controllers/reviews_controller.rb:39: syntax error, unexpected local variable or method, expecting '}'
app/controllers/reviews_controller.rb:53: syntax error, unexpected end-of-input, expecting `end'
app/controllers/reviews_controller.rb:39: syntax error, unexpected local variable or method, expecting '}'
app/controllers/reviews_controller.rb:53: syntax error, unexpected end-of-input, expecting `end'
Started GET "/reviews" for 127.0.0.1 at 2021-07-08 20:06:46 -0400
Processing by ReviewsController#index as HTML
  [1m[35m (0.2ms)[0m  [1m[34mSELECT sqlite_version(*)[0m
  ↳ app/controllers/reviews_controller.rb:8:in `index'
  [1m[36mReview Load (1.0ms)[0m  [1m[34mSELECT "reviews".* FROM "reviews"[0m
  ↳ app/controllers/reviews_controller.rb:8:in `index'
Completed 200 OK in 12ms (Views: 7.1ms | ActiveRecord: 2.1ms | Allocations: 1758)


  [1m[35m (0.9ms)[0m  [1m[34mSELECT sqlite_version(*)[0m
  [1m[35m (0.5ms)[0m  [1m[34mSELECT "schema_migrations"."version" FROM "schema_migrations" ORDER BY "schema_migrations"."version" ASC[0m
  [1m[35m (0.1ms)[0m  [1m[34mSELECT sqlite_version(*)[0m
  [1m[35m (0.9ms)[0m  [1m[34mSELECT sqlite_version(*)[0m
  [1m[35m (0.6ms)[0m  [1m[34mSELECT "schema_migrations"."version" FROM "schema_migrations" ORDER BY "schema_migrations"."version" ASC[0m
  [1m[35m (0.1ms)[0m  [1m[34mSELECT sqlite_version(*)[0m
  [1m[35m (1.9ms)[0m  [1m[34mSELECT sqlite_version(*)[0m
  [1m[35m (0.9ms)[0m  [1m[34mSELECT "schema_migrations"."version" FROM "schema_migrations" ORDER BY "schema_migrations"."version" ASC[0m
  [1m[35m (0.1ms)[0m  [1m[34mSELECT sqlite_version(*)[0m
  [1m[36mTRANSACTION (0.1ms)[0m  [1m[36mbegin transaction[0m
  [1m[36mSmoothie Create (1.3ms)[0m  [1m[32mINSERT INTO "smoothies" ("flavor", "image", "created_at", "updated_at") VALUES (?, ?, ?, ?)[0m  [["flavor", "Green Hulk"], ["image", "https://images.pexels.com/photos/1346347/pexels-photo-1346347.jpeg?auto=compress&cs=tinysrgb&dpr=3&h=750&w=1260"], ["created_at", "2021-07-09 00:14:27.395348"], ["updated_at", "2021-07-09 00:14:27.395348"]]
  [1m[36mTRANSACTION (1.2ms)[0m  [1m[36mcommit transaction[0m
  [1m[36mTRANSACTION (0.0ms)[0m  [1m[36mbegin transaction[0m
  [1m[36mSmoothie Create (0.4ms)[0m  [1m[32mINSERT INTO "smoothies" ("flavor", "image", "created_at", "updated_at") VALUES (?, ?, ?, ?)[0m  [["flavor", "Captain Berry"], ["image", "https://cdn.pixabay.com/photo/2020/01/09/04/21/smoothie-4751820_1280.jpg"], ["created_at", "2021-07-09 00:14:27.402035"], ["updated_at", "2021-07-09 00:14:27.402035"]]
  [1m[36mTRANSACTION (0.7ms)[0m  [1m[36mcommit transaction[0m
  [1m[36mTRANSACTION (0.0ms)[0m  [1m[36mbegin transaction[0m
  [1m[36mSmoothie Create (0.4ms)[0m  [1m[32mINSERT INTO "smoothies" ("flavor", "image", "created_at", "updated_at") VALUES (?, ?, ?, ?)[0m  [["flavor", "Mango King"], ["image", "https://cdn.pixabay.com/photo/2017/05/05/01/50/smoothie-2285722_1280.jpg"], ["created_at", "2021-07-09 00:14:27.406093"], ["updated_at", "2021-07-09 00:14:27.406093"]]
  [1m[36mTRANSACTION (0.7ms)[0m  [1m[36mcommit transaction[0m
  [1m[35m (1.1ms)[0m  [1m[34mSELECT sqlite_version(*)[0m
  [1m[35m (0.6ms)[0m  [1m[34mSELECT "schema_migrations"."version" FROM "schema_migrations" ORDER BY "schema_migrations"."version" ASC[0m
  [1m[35m (0.1ms)[0m  [1m[34mSELECT sqlite_version(*)[0m
  [1m[36mTRANSACTION (0.0ms)[0m  [1m[36mbegin transaction[0m
  [1m[36mSmoothie Create (1.8ms)[0m  [1m[32mINSERT INTO "smoothies" ("flavor", "image", "created_at", "updated_at") VALUES (?, ?, ?, ?)[0m  [["flavor", "Green Hulk"], ["image", "https://images.pexels.com/photos/1346347/pexels-photo-1346347.jpeg?auto=compress&cs=tinysrgb&dpr=3&h=750&w=1260"], ["created_at", "2021-07-09 00:14:55.879948"], ["updated_at", "2021-07-09 00:14:55.879948"]]
  [1m[36mTRANSACTION (1.0ms)[0m  [1m[36mcommit transaction[0m
  [1m[36mTRANSACTION (0.0ms)[0m  [1m[36mbegin transaction[0m
  [1m[36mSmoothie Create (0.3ms)[0m  [1m[32mINSERT INTO "smoothies" ("flavor", "image", "created_at", "updated_at") VALUES (?, ?, ?, ?)[0m  [["flavor", "Captain Berry"], ["image", "https://cdn.pixabay.com/photo/2020/01/09/04/21/smoothie-4751820_1280.jpg"], ["created_at", "2021-07-09 00:14:55.886532"], ["updated_at", "2021-07-09 00:14:55.886532"]]
  [1m[36mTRANSACTION (0.8ms)[0m  [1m[36mcommit transaction[0m
  [1m[36mTRANSACTION (0.0ms)[0m  [1m[36mbegin transaction[0m
  [1m[36mSmoothie Create (0.3ms)[0m  [1m[32mINSERT INTO "smoothies" ("flavor", "image", "created_at", "updated_at") VALUES (?, ?, ?, ?)[0m  [["flavor", "Mango King"], ["image", "https://cdn.pixabay.com/photo/2017/05/05/01/50/smoothie-2285722_1280.jpg"], ["created_at", "2021-07-09 00:14:55.890446"], ["updated_at", "2021-07-09 00:14:55.890446"]]
  [1m[36mTRANSACTION (0.8ms)[0m  [1m[36mcommit transaction[0m
  [1m[36mTRANSACTION (0.0ms)[0m  [1m[36mbegin transaction[0m
  [1m[36mReview Create (0.8ms)[0m  [1m[32mINSERT INTO "reviews" ("comment", "created_at", "updated_at") VALUES (?, ?, ?)[0m  [["comment", "this smoothie is very Good"], ["created_at", "2021-07-09 00:14:55.899112"], ["updated_at", "2021-07-09 00:14:55.899112"]]
  [1m[36mTRANSACTION (0.8ms)[0m  [1m[36mcommit transaction[0m
  [1m[36mTRANSACTION (0.0ms)[0m  [1m[36mbegin transaction[0m
  [1m[36mReview Create (0.4ms)[0m  [1m[32mINSERT INTO "reviews" ("comment", "created_at", "updated_at") VALUES (?, ?, ?)[0m  [["comment", "The captain berry is my favorite."], ["created_at", "2021-07-09 00:14:55.903709"], ["updated_at", "2021-07-09 00:14:55.903709"]]
  [1m[36mTRANSACTION (0.8ms)[0m  [1m[36mcommit transaction[0m
  [1m[36mTRANSACTION (0.0ms)[0m  [1m[36mbegin transaction[0m
  [1m[36mReview Create (0.3ms)[0m  [1m[32mINSERT INTO "reviews" ("comment", "created_at", "updated_at") VALUES (?, ?, ?)[0m  [["comment", "Mango king is my first favorite and Green hulk is my second."], ["created_at", "2021-07-09 00:14:55.907619"], ["updated_at", "2021-07-09 00:14:55.907619"]]
  [1m[36mTRANSACTION (0.8ms)[0m  [1m[36mcommit transaction[0m
Started GET "/reviews" for 127.0.0.1 at 2021-07-08 20:15:11 -0400
  [1m[35m (2.2ms)[0m  [1m[34mSELECT sqlite_version(*)[0m
  [1m[35m (0.9ms)[0m  [1m[34mSELECT "schema_migrations"."version" FROM "schema_migrations" ORDER BY "schema_migrations"."version" ASC[0m
Processing by ReviewsController#index as HTML
  [1m[36mReview Load (0.2ms)[0m  [1m[34mSELECT "reviews".* FROM "reviews"[0m
  ↳ app/controllers/reviews_controller.rb:8:in `index'
Completed 200 OK in 24ms (Views: 14.2ms | ActiveRecord: 1.1ms | Allocations: 6833)


Started GET "/smoothies" for 127.0.0.1 at 2021-07-08 20:16:21 -0400
Processing by SmoothiesController#index as HTML
  [1m[36mSmoothie Load (0.2ms)[0m  [1m[34mSELECT "smoothies".* FROM "smoothies"[0m
  ↳ app/controllers/smoothies_controller.rb:8:in `index'
Completed 200 OK in 7ms (Views: 4.9ms | ActiveRecord: 0.6ms | Allocations: 4018)


Started GET "/smoothies/1" for 127.0.0.1 at 2021-07-08 20:17:02 -0400
Processing by SmoothiesController#show as HTML
  Parameters: {"id"=>"1"}
  [1m[36mSmoothie Load (0.2ms)[0m  [1m[34mSELECT "smoothies".* FROM "smoothies" WHERE "smoothies"."id" = ? LIMIT ?[0m  [["id", 1], ["LIMIT", 1]]
  ↳ app/controllers/smoothies_controller.rb:44:in `set_smoothy'
Completed 200 OK in 9ms (Views: 0.4ms | ActiveRecord: 0.2ms | Allocations: 2333)


Started GET "/smoothies/1,3" for 127.0.0.1 at 2021-07-08 20:17:09 -0400
Processing by SmoothiesController#show as HTML
  Parameters: {"id"=>"1,3"}
  [1m[36mSmoothie Load (0.1ms)[0m  [1m[34mSELECT "smoothies".* FROM "smoothies" WHERE "smoothies"."id" = ? LIMIT ?[0m  [["id", 1], ["LIMIT", 1]]
  ↳ app/controllers/smoothies_controller.rb:44:in `set_smoothy'
Completed 200 OK in 1ms (Views: 0.3ms | ActiveRecord: 0.1ms | Allocations: 655)


Started GET "/smoothies" for 127.0.0.1 at 2021-07-09 13:22:39 -0400
  [1m[35m (1.7ms)[0m  [1m[34mSELECT sqlite_version(*)[0m
  [1m[35m (0.6ms)[0m  [1m[34mSELECT "schema_migrations"."version" FROM "schema_migrations" ORDER BY "schema_migrations"."version" ASC[0m
Processing by SmoothiesController#index as HTML
  [1m[36mSmoothie Load (0.7ms)[0m  [1m[34mSELECT "smoothies".* FROM "smoothies"[0m
  ↳ app/controllers/smoothies_controller.rb:8:in `index'
Completed 200 OK in 32ms (Views: 8.5ms | ActiveRecord: 1.2ms | Allocations: 9052)


Started GET "/favicon.ico" for 127.0.0.1 at 2021-07-09 13:22:40 -0400
  
ActionController::RoutingError (No route matches [GET] "/favicon.ico"):
  
Started GET "/reviews" for 127.0.0.1 at 2021-07-09 13:22:48 -0400
Processing by ReviewsController#index as HTML
  [1m[36mReview Load (0.5ms)[0m  [1m[34mSELECT "reviews".* FROM "reviews"[0m
  ↳ app/controllers/reviews_controller.rb:8:in `index'
Completed 200 OK in 26ms (Views: 5.8ms | ActiveRecord: 1.0ms | Allocations: 4509)


Started GET "/reviews" for 127.0.0.1 at 2021-07-09 14:50:32 -0400
Processing by ReviewsController#index as */*
  [1m[35m (0.3ms)[0m  [1m[34mSELECT sqlite_version(*)[0m
  ↳ app/controllers/reviews_controller.rb:8:in `index'
  [1m[36mReview Load (0.5ms)[0m  [1m[34mSELECT "reviews".* FROM "reviews"[0m
  ↳ app/controllers/reviews_controller.rb:8:in `index'
Completed 200 OK in 21ms (Views: 16.6ms | ActiveRecord: 1.7ms | Allocations: 1553)


Started GET "/reviews" for 127.0.0.1 at 2021-07-09 14:50:32 -0400
Processing by ReviewsController#index as */*
  [1m[36mReview Load (0.2ms)[0m  [1m[34mSELECT "reviews".* FROM "reviews"[0m
  ↳ app/controllers/reviews_controller.rb:8:in `index'
Completed 200 OK in 5ms (Views: 4.0ms | ActiveRecord: 0.2ms | Allocations: 971)


Started GET "/reviews" for 127.0.0.1 at 2021-07-09 14:50:33 -0400
Processing by ReviewsController#index as */*
  [1m[36mReview Load (0.2ms)[0m  [1m[34mSELECT "reviews".* FROM "reviews"[0m
  ↳ app/controllers/reviews_controller.rb:8:in `index'
Completed 200 OK in 6ms (Views: 4.9ms | ActiveRecord: 0.2ms | Allocations: 971)


Started GET "/reviews" for 127.0.0.1 at 2021-07-09 14:50:33 -0400
Processing by ReviewsController#index as */*
  [1m[36mReview Load (0.2ms)[0m  [1m[34mSELECT "reviews".* FROM "reviews"[0m
  ↳ app/controllers/reviews_controller.rb:8:in `index'
Completed 200 OK in 6ms (Views: 5.0ms | ActiveRecord: 0.2ms | Allocations: 957)


Started GET "/reviews" for 127.0.0.1 at 2021-07-09 14:50:33 -0400
Processing by ReviewsController#index as */*
  [1m[36mReview Load (0.2ms)[0m  [1m[34mSELECT "reviews".* FROM "reviews"[0m
  ↳ app/controllers/reviews_controller.rb:8:in `index'
Completed 200 OK in 3ms (Views: 2.2ms | ActiveRecord: 0.2ms | Allocations: 957)


Started GET "/reviews" for 127.0.0.1 at 2021-07-09 14:51:38 -0400
Processing by ReviewsController#index as */*
  [1m[36mReview Load (0.2ms)[0m  [1m[34mSELECT "reviews".* FROM "reviews"[0m
  ↳ app/controllers/reviews_controller.rb:8:in `index'
Completed 200 OK in 3ms (Views: 2.1ms | ActiveRecord: 0.2ms | Allocations: 957)


Started GET "/reviews" for 127.0.0.1 at 2021-07-09 14:51:39 -0400
Processing by ReviewsController#index as */*
  [1m[36mReview Load (0.2ms)[0m  [1m[34mSELECT "reviews".* FROM "reviews"[0m
  ↳ app/controllers/reviews_controller.rb:8:in `index'
Completed 200 OK in 2ms (Views: 1.8ms | ActiveRecord: 0.2ms | Allocations: 957)


Started GET "/reviews" for 127.0.0.1 at 2021-07-09 14:51:39 -0400
Processing by ReviewsController#index as */*
  [1m[36mReview Load (0.1ms)[0m  [1m[34mSELECT "reviews".* FROM "reviews"[0m
  ↳ app/controllers/reviews_controller.rb:8:in `index'
Completed 200 OK in 3ms (Views: 3.0ms | ActiveRecord: 0.1ms | Allocations: 958)


Started GET "/reviews" for 127.0.0.1 at 2021-07-09 14:51:40 -0400
Processing by ReviewsController#index as */*
  [1m[36mReview Load (0.1ms)[0m  [1m[34mSELECT "reviews".* FROM "reviews"[0m
  ↳ app/controllers/reviews_controller.rb:8:in `index'
Completed 200 OK in 4ms (Views: 3.8ms | ActiveRecord: 0.1ms | Allocations: 957)


Started GET "/reviews" for 127.0.0.1 at 2021-07-09 14:51:40 -0400
Processing by ReviewsController#index as */*
  [1m[36mReview Load (0.1ms)[0m  [1m[34mSELECT "reviews".* FROM "reviews"[0m
  ↳ app/controllers/reviews_controller.rb:8:in `index'
Completed 200 OK in 2ms (Views: 1.9ms | ActiveRecord: 0.1ms | Allocations: 957)


Started GET "/reviews" for 127.0.0.1 at 2021-07-09 14:52:47 -0400
Processing by ReviewsController#index as */*
  [1m[36mReview Load (0.2ms)[0m  [1m[34mSELECT "reviews".* FROM "reviews"[0m
  ↳ app/controllers/reviews_controller.rb:8:in `index'
Completed 200 OK in 2ms (Views: 1.4ms | ActiveRecord: 0.2ms | Allocations: 957)


Started GET "/reviews" for 127.0.0.1 at 2021-07-09 14:52:48 -0400
Processing by ReviewsController#index as */*
  [1m[36mReview Load (0.2ms)[0m  [1m[34mSELECT "reviews".* FROM "reviews"[0m
  ↳ app/controllers/reviews_controller.rb:8:in `index'
Completed 200 OK in 2ms (Views: 2.0ms | ActiveRecord: 0.2ms | Allocations: 957)


Started GET "/reviews" for 127.0.0.1 at 2021-07-09 14:52:49 -0400
Processing by ReviewsController#index as */*
  [1m[36mReview Load (0.1ms)[0m  [1m[34mSELECT "reviews".* FROM "reviews"[0m
  ↳ app/controllers/reviews_controller.rb:8:in `index'
Completed 200 OK in 2ms (Views: 1.4ms | ActiveRecord: 0.1ms | Allocations: 957)


Started GET "/reviews" for 127.0.0.1 at 2021-07-09 14:52:49 -0400
Processing by ReviewsController#index as */*
  [1m[36mReview Load (0.2ms)[0m  [1m[34mSELECT "reviews".* FROM "reviews"[0m
  ↳ app/controllers/reviews_controller.rb:8:in `index'
Completed 200 OK in 4ms (Views: 3.8ms | ActiveRecord: 0.2ms | Allocations: 957)


Started GET "/reviews" for 127.0.0.1 at 2021-07-09 14:53:39 -0400
Processing by ReviewsController#index as */*
  [1m[36mReview Load (0.1ms)[0m  [1m[34mSELECT "reviews".* FROM "reviews"[0m
  ↳ app/controllers/reviews_controller.rb:8:in `index'
Completed 200 OK in 3ms (Views: 2.5ms | ActiveRecord: 0.1ms | Allocations: 957)


Started GET "/reviews" for 127.0.0.1 at 2021-07-09 14:53:39 -0400
Processing by ReviewsController#index as */*
  [1m[36mReview Load (0.2ms)[0m  [1m[34mSELECT "reviews".* FROM "reviews"[0m
  ↳ app/controllers/reviews_controller.rb:8:in `index'
Completed 200 OK in 5ms (Views: 4.4ms | ActiveRecord: 0.2ms | Allocations: 957)


Started GET "/reviews" for 127.0.0.1 at 2021-07-09 14:53:39 -0400
Processing by ReviewsController#index as */*
  [1m[36mReview Load (0.2ms)[0m  [1m[34mSELECT "reviews".* FROM "reviews"[0m
  ↳ app/controllers/reviews_controller.rb:8:in `index'
Completed 200 OK in 3ms (Views: 2.2ms | ActiveRecord: 0.2ms | Allocations: 957)


Started GET "/reviews" for 127.0.0.1 at 2021-07-09 14:53:40 -0400
Processing by ReviewsController#index as */*
  [1m[36mReview Load (0.2ms)[0m  [1m[34mSELECT "reviews".* FROM "reviews"[0m
  ↳ app/controllers/reviews_controller.rb:8:in `index'
Completed 200 OK in 3ms (Views: 2.1ms | ActiveRecord: 0.2ms | Allocations: 957)


Started GET "/reviews" for 127.0.0.1 at 2021-07-09 14:53:40 -0400
Processing by ReviewsController#index as */*
  [1m[36mReview Load (0.1ms)[0m  [1m[34mSELECT "reviews".* FROM "reviews"[0m
  ↳ app/controllers/reviews_controller.rb:8:in `index'
Completed 200 OK in 2ms (Views: 1.5ms | ActiveRecord: 0.1ms | Allocations: 957)


Started GET "/reviews" for 127.0.0.1 at 2021-07-09 14:53:55 -0400
Processing by ReviewsController#index as */*
  [1m[36mReview Load (0.2ms)[0m  [1m[34mSELECT "reviews".* FROM "reviews"[0m
  ↳ app/controllers/reviews_controller.rb:8:in `index'
Completed 200 OK in 3ms (Views: 2.0ms | ActiveRecord: 0.2ms | Allocations: 958)


Started GET "/reviews" for 127.0.0.1 at 2021-07-09 14:53:56 -0400
Processing by ReviewsController#index as */*
  [1m[36mReview Load (0.2ms)[0m  [1m[34mSELECT "reviews".* FROM "reviews"[0m
  ↳ app/controllers/reviews_controller.rb:8:in `index'
Completed 200 OK in 4ms (Views: 4.0ms | ActiveRecord: 0.2ms | Allocations: 957)


Started GET "/reviews" for 127.0.0.1 at 2021-07-09 14:53:56 -0400
Processing by ReviewsController#index as */*
  [1m[36mReview Load (0.2ms)[0m  [1m[34mSELECT "reviews".* FROM "reviews"[0m
  ↳ app/controllers/reviews_controller.rb:8:in `index'
Completed 200 OK in 6ms (Views: 5.8ms | ActiveRecord: 0.2ms | Allocations: 957)


Started GET "/reviews" for 127.0.0.1 at 2021-07-09 14:53:56 -0400
Processing by ReviewsController#index as */*
  [1m[36mReview Load (0.2ms)[0m  [1m[34mSELECT "reviews".* FROM "reviews"[0m
  ↳ app/controllers/reviews_controller.rb:8:in `index'
Completed 200 OK in 3ms (Views: 2.2ms | ActiveRecord: 0.2ms | Allocations: 957)


Started GET "/reviews" for 127.0.0.1 at 2021-07-09 14:53:57 -0400
Processing by ReviewsController#index as */*
  [1m[36mReview Load (0.1ms)[0m  [1m[34mSELECT "reviews".* FROM "reviews"[0m
  ↳ app/controllers/reviews_controller.rb:8:in `index'
Completed 200 OK in 2ms (Views: 1.3ms | ActiveRecord: 0.1ms | Allocations: 958)


Started GET "/reviews" for 127.0.0.1 at 2021-07-09 17:41:03 -0400
Processing by ReviewsController#index as */*
  [1m[35m (0.2ms)[0m  [1m[34mSELECT sqlite_version(*)[0m
  ↳ app/controllers/reviews_controller.rb:8:in `index'
  [1m[36mReview Load (0.8ms)[0m  [1m[34mSELECT "reviews".* FROM "reviews"[0m
  ↳ app/controllers/reviews_controller.rb:8:in `index'
Completed 200 OK in 21ms (Views: 18.4ms | ActiveRecord: 1.9ms | Allocations: 1528)


Started GET "/reviews" for 127.0.0.1 at 2021-07-09 18:20:07 -0400
Processing by ReviewsController#index as */*
  [1m[35m (0.1ms)[0m  [1m[34mSELECT sqlite_version(*)[0m
  ↳ app/controllers/reviews_controller.rb:8:in `index'
  [1m[36mReview Load (0.5ms)[0m  [1m[34mSELECT "reviews".* FROM "reviews"[0m
  ↳ app/controllers/reviews_controller.rb:8:in `index'
Completed 200 OK in 6ms (Views: 5.1ms | ActiveRecord: 0.9ms | Allocations: 1529)


Started GET "/reviews" for 127.0.0.1 at 2021-07-09 18:20:09 -0400
Processing by ReviewsController#index as */*
  [1m[36mReview Load (0.2ms)[0m  [1m[34mSELECT "reviews".* FROM "reviews"[0m
  ↳ app/controllers/reviews_controller.rb:8:in `index'
Completed 200 OK in 3ms (Views: 2.1ms | ActiveRecord: 0.2ms | Allocations: 957)


Started GET "/reviews" for 127.0.0.1 at 2021-07-09 18:20:10 -0400
Processing by ReviewsController#index as */*
  [1m[36mReview Load (0.2ms)[0m  [1m[34mSELECT "reviews".* FROM "reviews"[0m
  ↳ app/controllers/reviews_controller.rb:8:in `index'
Completed 200 OK in 3ms (Views: 2.8ms | ActiveRecord: 0.2ms | Allocations: 957)


Started GET "/reviews" for 127.0.0.1 at 2021-07-09 18:21:24 -0400
Processing by ReviewsController#index as */*
  [1m[36mReview Load (0.1ms)[0m  [1m[34mSELECT "reviews".* FROM "reviews"[0m
  ↳ app/controllers/reviews_controller.rb:8:in `index'
Completed 200 OK in 4ms (Views: 3.0ms | ActiveRecord: 0.1ms | Allocations: 958)


Started GET "/reviews" for 127.0.0.1 at 2021-07-09 18:21:24 -0400
Processing by ReviewsController#index as */*
  [1m[36mReview Load (0.1ms)[0m  [1m[34mSELECT "reviews".* FROM "reviews"[0m
  ↳ app/controllers/reviews_controller.rb:8:in `index'
Completed 200 OK in 4ms (Views: 3.0ms | ActiveRecord: 0.1ms | Allocations: 957)


Started GET "/reviews" for 127.0.0.1 at 2021-07-09 18:21:25 -0400
Processing by ReviewsController#index as */*
  [1m[36mReview Load (0.1ms)[0m  [1m[34mSELECT "reviews".* FROM "reviews"[0m
  ↳ app/controllers/reviews_controller.rb:8:in `index'
Completed 200 OK in 2ms (Views: 1.4ms | ActiveRecord: 0.1ms | Allocations: 957)


Started GET "/reviews" for 127.0.0.1 at 2021-07-09 18:21:25 -0400
Processing by ReviewsController#index as */*
  [1m[36mReview Load (0.1ms)[0m  [1m[34mSELECT "reviews".* FROM "reviews"[0m
  ↳ app/controllers/reviews_controller.rb:8:in `index'
Completed 200 OK in 2ms (Views: 1.9ms | ActiveRecord: 0.1ms | Allocations: 957)


Started GET "/reviews" for 127.0.0.1 at 2021-07-09 18:21:42 -0400
Processing by ReviewsController#index as */*
  [1m[36mReview Load (0.1ms)[0m  [1m[34mSELECT "reviews".* FROM "reviews"[0m
  ↳ app/controllers/reviews_controller.rb:8:in `index'
Completed 200 OK in 2ms (Views: 1.2ms | ActiveRecord: 0.1ms | Allocations: 957)


Started GET "/reviews" for 127.0.0.1 at 2021-07-09 18:21:43 -0400
Processing by ReviewsController#index as */*
  [1m[36mReview Load (0.2ms)[0m  [1m[34mSELECT "reviews".* FROM "reviews"[0m
  ↳ app/controllers/reviews_controller.rb:8:in `index'
Completed 200 OK in 5ms (Views: 2.1ms | ActiveRecord: 0.2ms | Allocations: 957)


Started GET "/reviews" for 127.0.0.1 at 2021-07-09 18:21:45 -0400
Processing by ReviewsController#index as */*
  [1m[36mReview Load (0.2ms)[0m  [1m[34mSELECT "reviews".* FROM "reviews"[0m
  ↳ app/controllers/reviews_controller.rb:8:in `index'
Completed 200 OK in 3ms (Views: 2.9ms | ActiveRecord: 0.2ms | Allocations: 957)


Started GET "/reviews" for 127.0.0.1 at 2021-07-09 18:21:56 -0400
Processing by ReviewsController#index as */*
  [1m[36mReview Load (0.2ms)[0m  [1m[34mSELECT "reviews".* FROM "reviews"[0m
  ↳ app/controllers/reviews_controller.rb:8:in `index'
Completed 200 OK in 3ms (Views: 3.0ms | ActiveRecord: 0.2ms | Allocations: 958)


Started GET "/reviews" for 127.0.0.1 at 2021-07-09 18:21:56 -0400
Processing by ReviewsController#index as */*
  [1m[36mReview Load (0.1ms)[0m  [1m[34mSELECT "reviews".* FROM "reviews"[0m
  ↳ app/controllers/reviews_controller.rb:8:in `index'
Completed 200 OK in 2ms (Views: 1.5ms | ActiveRecord: 0.1ms | Allocations: 957)


Started GET "/reviews" for 127.0.0.1 at 2021-07-09 18:21:57 -0400
Processing by ReviewsController#index as */*
  [1m[36mReview Load (0.2ms)[0m  [1m[34mSELECT "reviews".* FROM "reviews"[0m
  ↳ app/controllers/reviews_controller.rb:8:in `index'
Completed 200 OK in 2ms (Views: 1.7ms | ActiveRecord: 0.2ms | Allocations: 957)


Started GET "/reviews" for 127.0.0.1 at 2021-07-09 18:21:57 -0400
Processing by ReviewsController#index as */*
  [1m[36mReview Load (0.2ms)[0m  [1m[34mSELECT "reviews".* FROM "reviews"[0m
  ↳ app/controllers/reviews_controller.rb:8:in `index'
Completed 200 OK in 3ms (Views: 2.2ms | ActiveRecord: 0.2ms | Allocations: 957)


Started GET "/reviews" for 127.0.0.1 at 2021-07-09 18:23:44 -0400
Processing by ReviewsController#index as */*
  [1m[36mReview Load (0.1ms)[0m  [1m[34mSELECT "reviews".* FROM "reviews"[0m
  ↳ app/controllers/reviews_controller.rb:8:in `index'
Completed 200 OK in 13ms (Views: 13.0ms | ActiveRecord: 0.1ms | Allocations: 958)


Started GET "/reviews" for 127.0.0.1 at 2021-07-09 18:23:45 -0400
Processing by ReviewsController#index as */*
  [1m[36mReview Load (0.1ms)[0m  [1m[34mSELECT "reviews".* FROM "reviews"[0m
  ↳ app/controllers/reviews_controller.rb:8:in `index'
Completed 200 OK in 4ms (Views: 3.8ms | ActiveRecord: 0.1ms | Allocations: 957)


Started GET "/reviews" for 127.0.0.1 at 2021-07-09 18:23:46 -0400
Processing by ReviewsController#index as */*
  [1m[36mReview Load (0.1ms)[0m  [1m[34mSELECT "reviews".* FROM "reviews"[0m
  ↳ app/controllers/reviews_controller.rb:8:in `index'
Completed 200 OK in 2ms (Views: 1.6ms | ActiveRecord: 0.1ms | Allocations: 957)


Started GET "/reviews" for 127.0.0.1 at 2021-07-09 18:23:46 -0400
Processing by ReviewsController#index as */*
  [1m[36mReview Load (0.1ms)[0m  [1m[34mSELECT "reviews".* FROM "reviews"[0m
  ↳ app/controllers/reviews_controller.rb:8:in `index'
Completed 200 OK in 2ms (Views: 1.3ms | ActiveRecord: 0.1ms | Allocations: 957)


Started GET "/reviews" for 127.0.0.1 at 2021-07-09 18:23:46 -0400
Processing by ReviewsController#index as */*
  [1m[36mReview Load (0.2ms)[0m  [1m[34mSELECT "reviews".* FROM "reviews"[0m
  ↳ app/controllers/reviews_controller.rb:8:in `index'
Completed 200 OK in 3ms (Views: 2.1ms | ActiveRecord: 0.2ms | Allocations: 957)


Started GET "/reviews" for 127.0.0.1 at 2021-07-09 18:23:47 -0400
Processing by ReviewsController#index as */*
  [1m[36mReview Load (0.1ms)[0m  [1m[34mSELECT "reviews".* FROM "reviews"[0m
  ↳ app/controllers/reviews_controller.rb:8:in `index'
Completed 200 OK in 2ms (Views: 1.9ms | ActiveRecord: 0.1ms | Allocations: 957)


Started GET "/reviews" for 127.0.0.1 at 2021-07-09 18:23:47 -0400
Processing by ReviewsController#index as */*
  [1m[36mReview Load (1.1ms)[0m  [1m[34mSELECT "reviews".* FROM "reviews"[0m
  ↳ app/controllers/reviews_controller.rb:8:in `index'
Completed 200 OK in 3ms (Views: 1.3ms | ActiveRecord: 1.1ms | Allocations: 957)


Started GET "/reviews" for 127.0.0.1 at 2021-07-09 18:24:46 -0400
Processing by ReviewsController#index as */*
  [1m[36mReview Load (0.2ms)[0m  [1m[34mSELECT "reviews".* FROM "reviews"[0m
  ↳ app/controllers/reviews_controller.rb:8:in `index'
Completed 200 OK in 3ms (Views: 2.6ms | ActiveRecord: 0.2ms | Allocations: 957)


Started GET "/reviews" for 127.0.0.1 at 2021-07-09 18:34:02 -0400
Processing by ReviewsController#index as */*
  [1m[35m (0.1ms)[0m  [1m[34mSELECT sqlite_version(*)[0m
  ↳ app/controllers/reviews_controller.rb:8:in `index'
  [1m[36mReview Load (0.6ms)[0m  [1m[34mSELECT "reviews".* FROM "reviews"[0m
  ↳ app/controllers/reviews_controller.rb:8:in `index'
Completed 200 OK in 5ms (Views: 5.2ms | ActiveRecord: 1.1ms | Allocations: 1528)


Started GET "/reviews" for 127.0.0.1 at 2021-07-09 18:34:26 -0400
Processing by ReviewsController#index as */*
  [1m[36mReview Load (0.2ms)[0m  [1m[34mSELECT "reviews".* FROM "reviews"[0m
  ↳ app/controllers/reviews_controller.rb:8:in `index'
Completed 200 OK in 3ms (Views: 2.6ms | ActiveRecord: 0.2ms | Allocations: 957)


Started GET "/reviews" for 127.0.0.1 at 2021-07-09 18:48:08 -0400
Processing by ReviewsController#index as */*
  [1m[35m (0.1ms)[0m  [1m[34mSELECT sqlite_version(*)[0m
  ↳ app/controllers/reviews_controller.rb:8:in `index'
  [1m[36mReview Load (0.4ms)[0m  [1m[34mSELECT "reviews".* FROM "reviews"[0m
  ↳ app/controllers/reviews_controller.rb:8:in `index'
Completed 200 OK in 4ms (Views: 3.8ms | ActiveRecord: 0.7ms | Allocations: 1528)


Started GET "/reviews" for 127.0.0.1 at 2021-07-09 18:48:10 -0400
Processing by ReviewsController#index as */*
  [1m[36mReview Load (0.1ms)[0m  [1m[34mSELECT "reviews".* FROM "reviews"[0m
  ↳ app/controllers/reviews_controller.rb:8:in `index'
Completed 200 OK in 2ms (Views: 1.9ms | ActiveRecord: 0.1ms | Allocations: 957)


Started GET "/reviews" for 127.0.0.1 at 2021-07-09 18:48:10 -0400
Processing by ReviewsController#index as */*
  [1m[36mReview Load (0.1ms)[0m  [1m[34mSELECT "reviews".* FROM "reviews"[0m
  ↳ app/controllers/reviews_controller.rb:8:in `index'
Completed 200 OK in 3ms (Views: 2.0ms | ActiveRecord: 0.1ms | Allocations: 957)


Started GET "/reviews" for 127.0.0.1 at 2021-07-09 18:48:11 -0400
Processing by ReviewsController#index as */*
  [1m[36mReview Load (0.1ms)[0m  [1m[34mSELECT "reviews".* FROM "reviews"[0m
  ↳ app/controllers/reviews_controller.rb:8:in `index'
Completed 200 OK in 3ms (Views: 2.1ms | ActiveRecord: 0.1ms | Allocations: 957)


Started GET "/reviews" for 127.0.0.1 at 2021-07-09 18:48:19 -0400
Processing by ReviewsController#index as */*
  [1m[36mReview Load (0.1ms)[0m  [1m[34mSELECT "reviews".* FROM "reviews"[0m
  ↳ app/controllers/reviews_controller.rb:8:in `index'
Completed 200 OK in 2ms (Views: 1.2ms | ActiveRecord: 0.1ms | Allocations: 958)


Started GET "/reviews" for 127.0.0.1 at 2021-07-09 18:48:20 -0400
Processing by ReviewsController#index as */*
  [1m[36mReview Load (0.1ms)[0m  [1m[34mSELECT "reviews".* FROM "reviews"[0m
  ↳ app/controllers/reviews_controller.rb:8:in `index'
Completed 200 OK in 2ms (Views: 1.3ms | ActiveRecord: 0.1ms | Allocations: 957)


Started GET "/reviews" for 127.0.0.1 at 2021-07-09 18:54:42 -0400
Processing by ReviewsController#index as */*
  [1m[35m (0.1ms)[0m  [1m[34mSELECT sqlite_version(*)[0m
  ↳ app/controllers/reviews_controller.rb:8:in `index'
  [1m[36mReview Load (0.9ms)[0m  [1m[34mSELECT "reviews".* FROM "reviews"[0m
  ↳ app/controllers/reviews_controller.rb:8:in `index'
Completed 200 OK in 7ms (Views: 6.8ms | ActiveRecord: 1.5ms | Allocations: 1527)


Started GET "/reviews" for 127.0.0.1 at 2021-07-09 19:16:47 -0400
Processing by ReviewsController#index as */*
  [1m[35m (0.1ms)[0m  [1m[34mSELECT sqlite_version(*)[0m
  ↳ app/controllers/reviews_controller.rb:8:in `index'
  [1m[36mReview Load (0.5ms)[0m  [1m[34mSELECT "reviews".* FROM "reviews"[0m
  ↳ app/controllers/reviews_controller.rb:8:in `index'
Completed 200 OK in 6ms (Views: 4.7ms | ActiveRecord: 0.9ms | Allocations: 1528)


Started GET "/reviews" for 127.0.0.1 at 2021-07-09 19:16:52 -0400
Processing by ReviewsController#index as */*
  [1m[36mReview Load (0.1ms)[0m  [1m[34mSELECT "reviews".* FROM "reviews"[0m
  ↳ app/controllers/reviews_controller.rb:8:in `index'
Completed 200 OK in 3ms (Views: 2.0ms | ActiveRecord: 0.1ms | Allocations: 957)


Started GET "/reviews" for 127.0.0.1 at 2021-07-09 19:16:53 -0400
Processing by ReviewsController#index as */*
  [1m[36mReview Load (0.2ms)[0m  [1m[34mSELECT "reviews".* FROM "reviews"[0m
  ↳ app/controllers/reviews_controller.rb:8:in `index'
Completed 200 OK in 3ms (Views: 2.1ms | ActiveRecord: 0.2ms | Allocations: 957)


Started GET "/reviews" for 127.0.0.1 at 2021-07-09 19:16:53 -0400
Processing by ReviewsController#index as */*
  [1m[36mReview Load (0.1ms)[0m  [1m[34mSELECT "reviews".* FROM "reviews"[0m
  ↳ app/controllers/reviews_controller.rb:8:in `index'
Completed 200 OK in 4ms (Views: 3.6ms | ActiveRecord: 0.1ms | Allocations: 957)


Started GET "/reviews" for 127.0.0.1 at 2021-07-09 19:16:54 -0400
Processing by ReviewsController#index as */*
  [1m[36mReview Load (0.1ms)[0m  [1m[34mSELECT "reviews".* FROM "reviews"[0m
  ↳ app/controllers/reviews_controller.rb:8:in `index'
Completed 200 OK in 4ms (Views: 3.4ms | ActiveRecord: 0.1ms | Allocations: 958)


Started GET "/reviews" for 127.0.0.1 at 2021-07-09 19:16:54 -0400
Processing by ReviewsController#index as */*
  [1m[36mReview Load (0.2ms)[0m  [1m[34mSELECT "reviews".* FROM "reviews"[0m
  ↳ app/controllers/reviews_controller.rb:8:in `index'
Completed 200 OK in 3ms (Views: 2.0ms | ActiveRecord: 0.2ms | Allocations: 957)


Started GET "/reviews" for 127.0.0.1 at 2021-07-09 19:26:56 -0400
Processing by ReviewsController#index as */*
  [1m[35m (0.1ms)[0m  [1m[34mSELECT sqlite_version(*)[0m
  ↳ app/controllers/reviews_controller.rb:8:in `index'
  [1m[36mReview Load (0.5ms)[0m  [1m[34mSELECT "reviews".* FROM "reviews"[0m
  ↳ app/controllers/reviews_controller.rb:8:in `index'
Completed 200 OK in 4ms (Views: 3.3ms | ActiveRecord: 0.8ms | Allocations: 1527)


Started GET "/reviews" for 127.0.0.1 at 2021-07-09 19:27:30 -0400
Processing by ReviewsController#index as */*
  [1m[36mReview Load (0.1ms)[0m  [1m[34mSELECT "reviews".* FROM "reviews"[0m
  ↳ app/controllers/reviews_controller.rb:8:in `index'
Completed 200 OK in 2ms (Views: 1.3ms | ActiveRecord: 0.1ms | Allocations: 958)


Started GET "/reviews" for 127.0.0.1 at 2021-07-09 19:27:30 -0400
Processing by ReviewsController#index as */*
  [1m[36mReview Load (0.1ms)[0m  [1m[34mSELECT "reviews".* FROM "reviews"[0m
  ↳ app/controllers/reviews_controller.rb:8:in `index'
Completed 200 OK in 2ms (Views: 1.4ms | ActiveRecord: 0.1ms | Allocations: 957)


Started GET "/reviews" for 127.0.0.1 at 2021-07-09 19:27:31 -0400
Processing by ReviewsController#index as */*
  [1m[36mReview Load (0.1ms)[0m  [1m[34mSELECT "reviews".* FROM "reviews"[0m
  ↳ app/controllers/reviews_controller.rb:8:in `index'
Completed 200 OK in 3ms (Views: 2.3ms | ActiveRecord: 0.1ms | Allocations: 957)


Started GET "/reviews" for 127.0.0.1 at 2021-07-09 19:27:31 -0400
Processing by ReviewsController#index as */*
  [1m[36mReview Load (0.1ms)[0m  [1m[34mSELECT "reviews".* FROM "reviews"[0m
  ↳ app/controllers/reviews_controller.rb:8:in `index'
Completed 200 OK in 5ms (Views: 4.2ms | ActiveRecord: 0.1ms | Allocations: 957)


Started GET "/reviews" for 127.0.0.1 at 2021-07-09 19:28:33 -0400
Processing by ReviewsController#index as */*
  [1m[36mReview Load (0.2ms)[0m  [1m[34mSELECT "reviews".* FROM "reviews"[0m
  ↳ app/controllers/reviews_controller.rb:8:in `index'
Completed 200 OK in 4ms (Views: 3.1ms | ActiveRecord: 0.2ms | Allocations: 957)


Started GET "/reviews" for 127.0.0.1 at 2021-07-09 19:28:34 -0400
Processing by ReviewsController#index as */*
  [1m[36mReview Load (0.2ms)[0m  [1m[34mSELECT "reviews".* FROM "reviews"[0m
  ↳ app/controllers/reviews_controller.rb:8:in `index'
Completed 200 OK in 3ms (Views: 2.2ms | ActiveRecord: 0.2ms | Allocations: 957)


Started GET "/reviews" for 127.0.0.1 at 2021-07-09 19:28:35 -0400
Processing by ReviewsController#index as */*
  [1m[36mReview Load (0.1ms)[0m  [1m[34mSELECT "reviews".* FROM "reviews"[0m
  ↳ app/controllers/reviews_controller.rb:8:in `index'
Completed 200 OK in 2ms (Views: 1.3ms | ActiveRecord: 0.1ms | Allocations: 957)


Started GET "/reviews" for 127.0.0.1 at 2021-07-09 19:29:39 -0400
Processing by ReviewsController#index as */*
  [1m[36mReview Load (0.2ms)[0m  [1m[34mSELECT "reviews".* FROM "reviews"[0m
  ↳ app/controllers/reviews_controller.rb:8:in `index'
Completed 200 OK in 3ms (Views: 2.1ms | ActiveRecord: 0.2ms | Allocations: 957)


Started GET "/reviews" for 127.0.0.1 at 2021-07-09 19:29:40 -0400
Processing by ReviewsController#index as */*
  [1m[36mReview Load (0.1ms)[0m  [1m[34mSELECT "reviews".* FROM "reviews"[0m
  ↳ app/controllers/reviews_controller.rb:8:in `index'
Completed 200 OK in 2ms (Views: 1.8ms | ActiveRecord: 0.1ms | Allocations: 957)


Started GET "/reviews" for 127.0.0.1 at 2021-07-09 19:29:45 -0400
Processing by ReviewsController#index as */*
  [1m[36mReview Load (0.1ms)[0m  [1m[34mSELECT "reviews".* FROM "reviews"[0m
  ↳ app/controllers/reviews_controller.rb:8:in `index'
Completed 200 OK in 2ms (Views: 1.3ms | ActiveRecord: 0.1ms | Allocations: 957)


Started GET "/reviews" for 127.0.0.1 at 2021-07-09 19:30:28 -0400
Processing by ReviewsController#index as */*
  [1m[36mReview Load (0.4ms)[0m  [1m[34mSELECT "reviews".* FROM "reviews"[0m
  ↳ app/controllers/reviews_controller.rb:8:in `index'
Completed 200 OK in 3ms (Views: 2.2ms | ActiveRecord: 0.4ms | Allocations: 957)


Started GET "/reviews" for 127.0.0.1 at 2021-07-09 19:30:28 -0400
Processing by ReviewsController#index as */*
  [1m[36mReview Load (0.2ms)[0m  [1m[34mSELECT "reviews".* FROM "reviews"[0m
  ↳ app/controllers/reviews_controller.rb:8:in `index'
Completed 200 OK in 3ms (Views: 2.4ms | ActiveRecord: 0.2ms | Allocations: 957)


Started GET "/reviews" for 127.0.0.1 at 2021-07-09 19:30:29 -0400
Processing by ReviewsController#index as */*
  [1m[36mReview Load (0.1ms)[0m  [1m[34mSELECT "reviews".* FROM "reviews"[0m
  ↳ app/controllers/reviews_controller.rb:8:in `index'
Completed 200 OK in 2ms (Views: 1.9ms | ActiveRecord: 0.1ms | Allocations: 958)


Started GET "/reviews" for 127.0.0.1 at 2021-07-09 19:30:29 -0400
Processing by ReviewsController#index as */*
  [1m[36mReview Load (0.1ms)[0m  [1m[34mSELECT "reviews".* FROM "reviews"[0m
  ↳ app/controllers/reviews_controller.rb:8:in `index'
Completed 200 OK in 2ms (Views: 1.6ms | ActiveRecord: 0.1ms | Allocations: 957)


Started GET "/reviews" for 127.0.0.1 at 2021-07-09 19:30:33 -0400
Processing by ReviewsController#index as */*
  [1m[36mReview Load (0.2ms)[0m  [1m[34mSELECT "reviews".* FROM "reviews"[0m
  ↳ app/controllers/reviews_controller.rb:8:in `index'
Completed 200 OK in 2ms (Views: 1.8ms | ActiveRecord: 0.2ms | Allocations: 957)


Started GET "/reviews" for 127.0.0.1 at 2021-07-09 19:30:34 -0400
Processing by ReviewsController#index as */*
  [1m[36mReview Load (0.1ms)[0m  [1m[34mSELECT "reviews".* FROM "reviews"[0m
  ↳ app/controllers/reviews_controller.rb:8:in `index'
Completed 200 OK in 2ms (Views: 1.7ms | ActiveRecord: 0.1ms | Allocations: 957)


Started GET "/reviews" for 127.0.0.1 at 2021-07-09 19:30:35 -0400
Processing by ReviewsController#index as */*
  [1m[36mReview Load (0.2ms)[0m  [1m[34mSELECT "reviews".* FROM "reviews"[0m
  ↳ app/controllers/reviews_controller.rb:8:in `index'
Completed 200 OK in 2ms (Views: 2.0ms | ActiveRecord: 0.2ms | Allocations: 958)


Started GET "/reviews" for 127.0.0.1 at 2021-07-09 19:31:48 -0400
Processing by ReviewsController#index as */*
  [1m[36mReview Load (0.2ms)[0m  [1m[34mSELECT "reviews".* FROM "reviews"[0m
  ↳ app/controllers/reviews_controller.rb:8:in `index'
Completed 200 OK in 2ms (Views: 1.9ms | ActiveRecord: 0.2ms | Allocations: 957)


Started GET "/reviews" for 127.0.0.1 at 2021-07-09 19:38:33 -0400
Processing by ReviewsController#index as */*
  [1m[35m (0.1ms)[0m  [1m[34mSELECT sqlite_version(*)[0m
  ↳ app/controllers/reviews_controller.rb:8:in `index'
  [1m[36mReview Load (0.6ms)[0m  [1m[34mSELECT "reviews".* FROM "reviews"[0m
  ↳ app/controllers/reviews_controller.rb:8:in `index'
Completed 200 OK in 7ms (Views: 6.4ms | ActiveRecord: 1.1ms | Allocations: 1527)


Started GET "/reviews" for 127.0.0.1 at 2021-07-09 19:39:22 -0400
Processing by ReviewsController#index as */*
  [1m[36mReview Load (0.1ms)[0m  [1m[34mSELECT "reviews".* FROM "reviews"[0m
  ↳ app/controllers/reviews_controller.rb:8:in `index'
Completed 200 OK in 3ms (Views: 2.2ms | ActiveRecord: 0.1ms | Allocations: 957)


Started GET "/reviews" for 127.0.0.1 at 2021-07-09 19:39:23 -0400
Processing by ReviewsController#index as */*
  [1m[36mReview Load (0.2ms)[0m  [1m[34mSELECT "reviews".* FROM "reviews"[0m
  ↳ app/controllers/reviews_controller.rb:8:in `index'
Completed 200 OK in 2ms (Views: 1.6ms | ActiveRecord: 0.2ms | Allocations: 957)


Started GET "/reviews" for 127.0.0.1 at 2021-07-09 19:40:03 -0400
Processing by ReviewsController#index as */*
  [1m[36mReview Load (0.1ms)[0m  [1m[34mSELECT "reviews".* FROM "reviews"[0m
  ↳ app/controllers/reviews_controller.rb:8:in `index'
Completed 200 OK in 2ms (Views: 1.7ms | ActiveRecord: 0.1ms | Allocations: 957)


Started GET "/reviews" for 127.0.0.1 at 2021-07-09 19:40:09 -0400
Processing by ReviewsController#index as */*
  [1m[36mReview Load (0.1ms)[0m  [1m[34mSELECT "reviews".* FROM "reviews"[0m
  ↳ app/controllers/reviews_controller.rb:8:in `index'
Completed 200 OK in 2ms (Views: 1.3ms | ActiveRecord: 0.1ms | Allocations: 957)


Started GET "/reviews" for 127.0.0.1 at 2021-07-09 19:40:10 -0400
Processing by ReviewsController#index as */*
  [1m[36mReview Load (0.1ms)[0m  [1m[34mSELECT "reviews".* FROM "reviews"[0m
  ↳ app/controllers/reviews_controller.rb:8:in `index'
Completed 200 OK in 3ms (Views: 2.1ms | ActiveRecord: 0.1ms | Allocations: 957)


Started GET "/reviews" for 127.0.0.1 at 2021-07-09 19:40:11 -0400
Processing by ReviewsController#index as */*
  [1m[36mReview Load (0.1ms)[0m  [1m[34mSELECT "reviews".* FROM "reviews"[0m
  ↳ app/controllers/reviews_controller.rb:8:in `index'
Completed 200 OK in 2ms (Views: 1.9ms | ActiveRecord: 0.1ms | Allocations: 957)


Started GET "/reviews" for 127.0.0.1 at 2021-07-09 19:40:11 -0400
Processing by ReviewsController#index as */*
  [1m[36mReview Load (0.2ms)[0m  [1m[34mSELECT "reviews".* FROM "reviews"[0m
  ↳ app/controllers/reviews_controller.rb:8:in `index'
Completed 200 OK in 3ms (Views: 2.5ms | ActiveRecord: 0.2ms | Allocations: 958)


Started GET "/reviews" for 127.0.0.1 at 2021-07-09 19:40:43 -0400
Processing by ReviewsController#index as */*
  [1m[36mReview Load (0.2ms)[0m  [1m[34mSELECT "reviews".* FROM "reviews"[0m
  ↳ app/controllers/reviews_controller.rb:8:in `index'
Completed 200 OK in 3ms (Views: 2.0ms | ActiveRecord: 0.2ms | Allocations: 957)


Started GET "/reviews" for 127.0.0.1 at 2021-07-09 19:40:43 -0400
Processing by ReviewsController#index as */*
  [1m[36mReview Load (0.2ms)[0m  [1m[34mSELECT "reviews".* FROM "reviews"[0m
  ↳ app/controllers/reviews_controller.rb:8:in `index'
Completed 200 OK in 3ms (Views: 2.1ms | ActiveRecord: 0.2ms | Allocations: 957)


Started GET "/reviews" for 127.0.0.1 at 2021-07-09 19:40:44 -0400
Processing by ReviewsController#index as */*
  [1m[36mReview Load (0.1ms)[0m  [1m[34mSELECT "reviews".* FROM "reviews"[0m
  ↳ app/controllers/reviews_controller.rb:8:in `index'
Completed 200 OK in 2ms (Views: 1.4ms | ActiveRecord: 0.1ms | Allocations: 957)


Started GET "/reviews" for 127.0.0.1 at 2021-07-09 19:40:44 -0400
Processing by ReviewsController#index as */*
  [1m[36mReview Load (0.1ms)[0m  [1m[34mSELECT "reviews".* FROM "reviews"[0m
  ↳ app/controllers/reviews_controller.rb:8:in `index'
Completed 200 OK in 3ms (Views: 2.5ms | ActiveRecord: 0.1ms | Allocations: 958)


Started GET "/reviews" for 127.0.0.1 at 2021-07-09 19:41:44 -0400
Processing by ReviewsController#index as */*
  [1m[36mReview Load (0.2ms)[0m  [1m[34mSELECT "reviews".* FROM "reviews"[0m
  ↳ app/controllers/reviews_controller.rb:8:in `index'
Completed 200 OK in 2ms (Views: 2.0ms | ActiveRecord: 0.2ms | Allocations: 957)


Started GET "/reviews" for 127.0.0.1 at 2021-07-09 19:41:46 -0400
Processing by ReviewsController#index as */*
  [1m[36mReview Load (0.2ms)[0m  [1m[34mSELECT "reviews".* FROM "reviews"[0m
  ↳ app/controllers/reviews_controller.rb:8:in `index'
Completed 200 OK in 3ms (Views: 2.3ms | ActiveRecord: 0.2ms | Allocations: 957)


Started GET "/reviews" for 127.0.0.1 at 2021-07-09 19:41:46 -0400
Processing by ReviewsController#index as */*
  [1m[36mReview Load (0.2ms)[0m  [1m[34mSELECT "reviews".* FROM "reviews"[0m
  ↳ app/controllers/reviews_controller.rb:8:in `index'
Completed 200 OK in 2ms (Views: 1.7ms | ActiveRecord: 0.2ms | Allocations: 957)


Started GET "/reviews" for 127.0.0.1 at 2021-07-09 19:41:46 -0400
Processing by ReviewsController#index as */*
  [1m[36mReview Load (0.2ms)[0m  [1m[34mSELECT "reviews".* FROM "reviews"[0m
  ↳ app/controllers/reviews_controller.rb:8:in `index'
Completed 200 OK in 3ms (Views: 2.1ms | ActiveRecord: 0.2ms | Allocations: 957)


Started GET "/reviews" for 127.0.0.1 at 2021-07-09 19:41:59 -0400
Processing by ReviewsController#index as */*
  [1m[36mReview Load (0.1ms)[0m  [1m[34mSELECT "reviews".* FROM "reviews"[0m
  ↳ app/controllers/reviews_controller.rb:8:in `index'
Completed 200 OK in 1ms (Views: 1.1ms | ActiveRecord: 0.1ms | Allocations: 957)


Started GET "/reviews" for 127.0.0.1 at 2021-07-09 19:42:27 -0400
Processing by ReviewsController#index as */*
  [1m[36mReview Load (0.1ms)[0m  [1m[34mSELECT "reviews".* FROM "reviews"[0m
  ↳ app/controllers/reviews_controller.rb:8:in `index'
Completed 200 OK in 2ms (Views: 2.0ms | ActiveRecord: 0.1ms | Allocations: 957)


Started GET "/reviews" for 127.0.0.1 at 2021-07-09 19:42:30 -0400
Processing by ReviewsController#index as */*
  [1m[36mReview Load (0.1ms)[0m  [1m[34mSELECT "reviews".* FROM "reviews"[0m
  ↳ app/controllers/reviews_controller.rb:8:in `index'
Completed 200 OK in 2ms (Views: 1.7ms | ActiveRecord: 0.1ms | Allocations: 957)


Started GET "/reviews" for 127.0.0.1 at 2021-07-09 19:42:31 -0400
Processing by ReviewsController#index as */*
  [1m[36mReview Load (0.1ms)[0m  [1m[34mSELECT "reviews".* FROM "reviews"[0m
  ↳ app/controllers/reviews_controller.rb:8:in `index'
Completed 200 OK in 2ms (Views: 2.0ms | ActiveRecord: 0.1ms | Allocations: 957)


Started GET "/reviews" for 127.0.0.1 at 2021-07-09 19:42:49 -0400
Processing by ReviewsController#index as */*
  [1m[36mReview Load (0.1ms)[0m  [1m[34mSELECT "reviews".* FROM "reviews"[0m
  ↳ app/controllers/reviews_controller.rb:8:in `index'
Completed 200 OK in 2ms (Views: 1.8ms | ActiveRecord: 0.1ms | Allocations: 957)


Started GET "/reviews" for 127.0.0.1 at 2021-07-09 19:42:49 -0400
Processing by ReviewsController#index as */*
  [1m[36mReview Load (0.2ms)[0m  [1m[34mSELECT "reviews".* FROM "reviews"[0m
  ↳ app/controllers/reviews_controller.rb:8:in `index'
Completed 200 OK in 3ms (Views: 2.3ms | ActiveRecord: 0.2ms | Allocations: 957)


Started GET "/reviews" for 127.0.0.1 at 2021-07-09 19:42:49 -0400
Processing by ReviewsController#index as */*
  [1m[36mReview Load (0.1ms)[0m  [1m[34mSELECT "reviews".* FROM "reviews"[0m
  ↳ app/controllers/reviews_controller.rb:8:in `index'
Completed 200 OK in 2ms (Views: 2.0ms | ActiveRecord: 0.1ms | Allocations: 957)


Started GET "/reviews" for 127.0.0.1 at 2021-07-09 19:42:50 -0400
Processing by ReviewsController#index as */*
  [1m[36mReview Load (0.1ms)[0m  [1m[34mSELECT "reviews".* FROM "reviews"[0m
  ↳ app/controllers/reviews_controller.rb:8:in `index'
Completed 200 OK in 2ms (Views: 1.8ms | ActiveRecord: 0.1ms | Allocations: 957)


Started GET "/reviews" for 127.0.0.1 at 2021-07-09 19:42:50 -0400
Processing by ReviewsController#index as */*
  [1m[36mReview Load (0.1ms)[0m  [1m[34mSELECT "reviews".* FROM "reviews"[0m
  ↳ app/controllers/reviews_controller.rb:8:in `index'
Completed 200 OK in 2ms (Views: 1.7ms | ActiveRecord: 0.1ms | Allocations: 958)


Started GET "/reviews" for 127.0.0.1 at 2021-07-09 19:44:09 -0400
Processing by ReviewsController#index as */*
  [1m[36mReview Load (0.1ms)[0m  [1m[34mSELECT "reviews".* FROM "reviews"[0m
  ↳ app/controllers/reviews_controller.rb:8:in `index'
Completed 200 OK in 2ms (Views: 1.6ms | ActiveRecord: 0.1ms | Allocations: 957)


Started GET "/reviews" for 127.0.0.1 at 2021-07-09 19:44:10 -0400
Processing by ReviewsController#index as */*
  [1m[36mReview Load (0.1ms)[0m  [1m[34mSELECT "reviews".* FROM "reviews"[0m
  ↳ app/controllers/reviews_controller.rb:8:in `index'
Completed 200 OK in 3ms (Views: 2.4ms | ActiveRecord: 0.1ms | Allocations: 957)


Started GET "/reviews" for 127.0.0.1 at 2021-07-09 19:44:41 -0400
Processing by ReviewsController#index as */*
  [1m[36mReview Load (0.1ms)[0m  [1m[34mSELECT "reviews".* FROM "reviews"[0m
  ↳ app/controllers/reviews_controller.rb:8:in `index'
Completed 200 OK in 2ms (Views: 2.0ms | ActiveRecord: 0.1ms | Allocations: 958)


Started GET "/reviews" for 127.0.0.1 at 2021-07-09 19:46:26 -0400
Processing by ReviewsController#index as */*
  [1m[36mReview Load (0.2ms)[0m  [1m[34mSELECT "reviews".* FROM "reviews"[0m
  ↳ app/controllers/reviews_controller.rb:8:in `index'
Completed 200 OK in 6ms (Views: 2.6ms | ActiveRecord: 0.2ms | Allocations: 960)


Started GET "/reviews" for 127.0.0.1 at 2021-07-09 19:47:51 -0400
Processing by ReviewsController#index as */*
  [1m[36mReview Load (0.2ms)[0m  [1m[34mSELECT "reviews".* FROM "reviews"[0m
  ↳ app/controllers/reviews_controller.rb:8:in `index'
Completed 200 OK in 3ms (Views: 2.8ms | ActiveRecord: 0.2ms | Allocations: 957)


Started GET "/reviews" for 127.0.0.1 at 2021-07-09 19:47:55 -0400
Processing by ReviewsController#index as */*
  [1m[36mReview Load (0.1ms)[0m  [1m[34mSELECT "reviews".* FROM "reviews"[0m
  ↳ app/controllers/reviews_controller.rb:8:in `index'
Completed 200 OK in 3ms (Views: 2.3ms | ActiveRecord: 0.1ms | Allocations: 957)


Started GET "/reviews" for 127.0.0.1 at 2021-07-09 19:49:09 -0400
Processing by ReviewsController#index as */*
  [1m[36mReview Load (0.1ms)[0m  [1m[34mSELECT "reviews".* FROM "reviews"[0m
  ↳ app/controllers/reviews_controller.rb:8:in `index'
Completed 200 OK in 3ms (Views: 2.4ms | ActiveRecord: 0.1ms | Allocations: 957)


Started GET "/reviews" for 127.0.0.1 at 2021-07-09 19:55:51 -0400
Processing by ReviewsController#index as */*
  [1m[35m (0.3ms)[0m  [1m[34mSELECT sqlite_version(*)[0m
  ↳ app/controllers/reviews_controller.rb:8:in `index'
  [1m[36mReview Load (0.8ms)[0m  [1m[34mSELECT "reviews".* FROM "reviews"[0m
  ↳ app/controllers/reviews_controller.rb:8:in `index'
Completed 200 OK in 24ms (Views: 20.1ms | ActiveRecord: 1.9ms | Allocations: 1527)


Started GET "/reviews" for 127.0.0.1 at 2021-07-09 19:58:16 -0400
Processing by ReviewsController#index as */*
  [1m[36mReview Load (0.2ms)[0m  [1m[34mSELECT "reviews".* FROM "reviews"[0m
  ↳ app/controllers/reviews_controller.rb:8:in `index'
Completed 200 OK in 3ms (Views: 2.1ms | ActiveRecord: 0.2ms | Allocations: 957)


Started GET "/reviews" for 127.0.0.1 at 2021-07-09 19:58:16 -0400
Processing by ReviewsController#index as */*
  [1m[36mReview Load (0.1ms)[0m  [1m[34mSELECT "reviews".* FROM "reviews"[0m
  ↳ app/controllers/reviews_controller.rb:8:in `index'
Completed 200 OK in 4ms (Views: 3.9ms | ActiveRecord: 0.1ms | Allocations: 957)


Started GET "/reviews" for 127.0.0.1 at 2021-07-09 19:58:17 -0400
Processing by ReviewsController#index as */*
  [1m[36mReview Load (0.2ms)[0m  [1m[34mSELECT "reviews".* FROM "reviews"[0m
  ↳ app/controllers/reviews_controller.rb:8:in `index'
Completed 200 OK in 3ms (Views: 2.9ms | ActiveRecord: 0.2ms | Allocations: 957)


Started GET "/reviews" for 127.0.0.1 at 2021-07-09 20:04:39 -0400
Processing by ReviewsController#index as */*
  [1m[35m (0.2ms)[0m  [1m[34mSELECT sqlite_version(*)[0m
  ↳ app/controllers/reviews_controller.rb:8:in `index'
  [1m[36mReview Load (0.5ms)[0m  [1m[34mSELECT "reviews".* FROM "reviews"[0m
  ↳ app/controllers/reviews_controller.rb:8:in `index'
Completed 200 OK in 5ms (Views: 5.1ms | ActiveRecord: 1.0ms | Allocations: 1528)


Started GET "/reviews" for 127.0.0.1 at 2021-07-09 20:04:39 -0400
Processing by ReviewsController#index as */*
  [1m[36mReview Load (0.1ms)[0m  [1m[34mSELECT "reviews".* FROM "reviews"[0m
  ↳ app/controllers/reviews_controller.rb:8:in `index'
Completed 200 OK in 3ms (Views: 2.2ms | ActiveRecord: 0.1ms | Allocations: 957)


Started GET "/reviews" for 127.0.0.1 at 2021-07-09 20:04:40 -0400
Processing by ReviewsController#index as */*
  [1m[36mReview Load (0.1ms)[0m  [1m[34mSELECT "reviews".* FROM "reviews"[0m
  ↳ app/controllers/reviews_controller.rb:8:in `index'
Completed 200 OK in 3ms (Views: 1.8ms | ActiveRecord: 0.1ms | Allocations: 957)


Started GET "/reviews" for 127.0.0.1 at 2021-07-09 20:05:32 -0400
Processing by ReviewsController#index as */*
  [1m[36mReview Load (0.1ms)[0m  [1m[34mSELECT "reviews".* FROM "reviews"[0m
  ↳ app/controllers/reviews_controller.rb:8:in `index'
Completed 200 OK in 3ms (Views: 2.1ms | ActiveRecord: 0.1ms | Allocations: 958)


Started GET "/reviews" for 127.0.0.1 at 2021-07-09 20:07:07 -0400
Processing by ReviewsController#index as */*
  [1m[36mReview Load (0.2ms)[0m  [1m[34mSELECT "reviews".* FROM "reviews"[0m
  ↳ app/controllers/reviews_controller.rb:8:in `index'
Completed 200 OK in 3ms (Views: 2.3ms | ActiveRecord: 0.2ms | Allocations: 957)


Started GET "/reviews" for 127.0.0.1 at 2021-07-09 20:07:08 -0400
Processing by ReviewsController#index as */*
  [1m[36mReview Load (0.2ms)[0m  [1m[34mSELECT "reviews".* FROM "reviews"[0m
  ↳ app/controllers/reviews_controller.rb:8:in `index'
Completed 200 OK in 4ms (Views: 3.3ms | ActiveRecord: 0.2ms | Allocations: 957)


Started GET "/reviews" for 127.0.0.1 at 2021-07-09 20:23:59 -0400
Processing by ReviewsController#index as */*
  [1m[35m (0.1ms)[0m  [1m[34mSELECT sqlite_version(*)[0m
  ↳ app/controllers/reviews_controller.rb:8:in `index'
  [1m[36mReview Load (0.7ms)[0m  [1m[34mSELECT "reviews".* FROM "reviews"[0m
  ↳ app/controllers/reviews_controller.rb:8:in `index'
Completed 200 OK in 18ms (Views: 17.2ms | ActiveRecord: 6.5ms | Allocations: 1527)


Started GET "/reviews" for 127.0.0.1 at 2021-07-09 20:24:00 -0400
Processing by ReviewsController#index as */*
  [1m[36mReview Load (0.1ms)[0m  [1m[34mSELECT "reviews".* FROM "reviews"[0m
  ↳ app/controllers/reviews_controller.rb:8:in `index'
Completed 200 OK in 3ms (Views: 2.1ms | ActiveRecord: 0.1ms | Allocations: 957)


Started GET "/reviews" for 127.0.0.1 at 2021-07-09 20:27:48 -0400
Processing by ReviewsController#index as */*
  [1m[36mReview Load (0.1ms)[0m  [1m[34mSELECT "reviews".* FROM "reviews"[0m
  ↳ app/controllers/reviews_controller.rb:8:in `index'
Completed 200 OK in 3ms (Views: 2.2ms | ActiveRecord: 0.1ms | Allocations: 957)


Started GET "/reviews" for 127.0.0.1 at 2021-07-09 20:27:49 -0400
Processing by ReviewsController#index as */*
  [1m[36mReview Load (0.2ms)[0m  [1m[34mSELECT "reviews".* FROM "reviews"[0m
  ↳ app/controllers/reviews_controller.rb:8:in `index'
Completed 200 OK in 3ms (Views: 2.2ms | ActiveRecord: 0.2ms | Allocations: 957)


Started GET "/reviews" for 127.0.0.1 at 2021-07-09 20:35:19 -0400
Processing by ReviewsController#index as */*
  [1m[35m (0.1ms)[0m  [1m[34mSELECT sqlite_version(*)[0m
  ↳ app/controllers/reviews_controller.rb:8:in `index'
  [1m[36mReview Load (0.5ms)[0m  [1m[34mSELECT "reviews".* FROM "reviews"[0m
  ↳ app/controllers/reviews_controller.rb:8:in `index'
Completed 200 OK in 6ms (Views: 5.3ms | ActiveRecord: 0.8ms | Allocations: 1527)


Started GET "/reviews" for 127.0.0.1 at 2021-07-09 20:35:20 -0400
Processing by ReviewsController#index as */*
  [1m[36mReview Load (0.1ms)[0m  [1m[34mSELECT "reviews".* FROM "reviews"[0m
  ↳ app/controllers/reviews_controller.rb:8:in `index'
Completed 200 OK in 4ms (Views: 3.3ms | ActiveRecord: 0.1ms | Allocations: 957)


Started GET "/reviews" for 127.0.0.1 at 2021-07-09 20:35:21 -0400
Processing by ReviewsController#index as */*
  [1m[36mReview Load (0.1ms)[0m  [1m[34mSELECT "reviews".* FROM "reviews"[0m
  ↳ app/controllers/reviews_controller.rb:8:in `index'
Completed 200 OK in 3ms (Views: 2.6ms | ActiveRecord: 0.1ms | Allocations: 958)


Started GET "/reviews" for 127.0.0.1 at 2021-07-09 20:40:47 -0400
Processing by ReviewsController#index as */*
  [1m[35m (0.1ms)[0m  [1m[34mSELECT sqlite_version(*)[0m
  ↳ app/controllers/reviews_controller.rb:8:in `index'
  [1m[36mReview Load (0.2ms)[0m  [1m[34mSELECT "reviews".* FROM "reviews"[0m
  ↳ app/controllers/reviews_controller.rb:8:in `index'
Completed 200 OK in 7ms (Views: 6.7ms | ActiveRecord: 0.6ms | Allocations: 1527)


Started GET "/reviews" for 127.0.0.1 at 2021-07-09 20:40:48 -0400
Processing by ReviewsController#index as */*
  [1m[36mReview Load (0.2ms)[0m  [1m[34mSELECT "reviews".* FROM "reviews"[0m
  ↳ app/controllers/reviews_controller.rb:8:in `index'
Completed 200 OK in 3ms (Views: 2.0ms | ActiveRecord: 0.2ms | Allocations: 957)


Started GET "/reviews" for 127.0.0.1 at 2021-07-09 20:40:48 -0400
Processing by ReviewsController#index as */*
  [1m[36mReview Load (1.5ms)[0m  [1m[34mSELECT "reviews".* FROM "reviews"[0m
  ↳ app/controllers/reviews_controller.rb:8:in `index'
Completed 200 OK in 5ms (Views: 2.9ms | ActiveRecord: 1.5ms | Allocations: 958)


Started GET "/reviews" for 127.0.0.1 at 2021-07-09 20:40:48 -0400
Processing by ReviewsController#index as */*
  [1m[36mReview Load (0.1ms)[0m  [1m[34mSELECT "reviews".* FROM "reviews"[0m
  ↳ app/controllers/reviews_controller.rb:8:in `index'
Completed 200 OK in 5ms (Views: 4.1ms | ActiveRecord: 0.1ms | Allocations: 957)


Started GET "/reviews" for 127.0.0.1 at 2021-07-09 20:42:12 -0400
Processing by ReviewsController#index as */*
  [1m[36mReview Load (0.1ms)[0m  [1m[34mSELECT "reviews".* FROM "reviews"[0m
  ↳ app/controllers/reviews_controller.rb:8:in `index'
Completed 200 OK in 4ms (Views: 3.7ms | ActiveRecord: 0.1ms | Allocations: 957)


Started GET "/reviews" for 127.0.0.1 at 2021-07-09 20:42:12 -0400
Processing by ReviewsController#index as */*
  [1m[36mReview Load (0.1ms)[0m  [1m[34mSELECT "reviews".* FROM "reviews"[0m
  ↳ app/controllers/reviews_controller.rb:8:in `index'
Completed 200 OK in 5ms (Views: 4.5ms | ActiveRecord: 0.1ms | Allocations: 957)


Started GET "/reviews" for 127.0.0.1 at 2021-07-09 20:42:13 -0400
Processing by ReviewsController#index as */*
  [1m[36mReview Load (0.2ms)[0m  [1m[34mSELECT "reviews".* FROM "reviews"[0m
  ↳ app/controllers/reviews_controller.rb:8:in `index'
Completed 200 OK in 2ms (Views: 2.0ms | ActiveRecord: 0.2ms | Allocations: 957)


Started GET "/reviews" for 127.0.0.1 at 2021-07-09 20:42:13 -0400
Processing by ReviewsController#index as */*
  [1m[36mReview Load (0.2ms)[0m  [1m[34mSELECT "reviews".* FROM "reviews"[0m
  ↳ app/controllers/reviews_controller.rb:8:in `index'
Completed 200 OK in 3ms (Views: 2.2ms | ActiveRecord: 0.2ms | Allocations: 957)


Started GET "/reviews" for 127.0.0.1 at 2021-07-09 20:42:13 -0400
Processing by ReviewsController#index as */*
  [1m[36mReview Load (0.1ms)[0m  [1m[34mSELECT "reviews".* FROM "reviews"[0m
  ↳ app/controllers/reviews_controller.rb:8:in `index'
Completed 200 OK in 2ms (Views: 2.0ms | ActiveRecord: 0.1ms | Allocations: 957)


Started GET "/reviews" for 127.0.0.1 at 2021-07-09 20:42:40 -0400
Processing by ReviewsController#index as */*
  [1m[36mReview Load (0.1ms)[0m  [1m[34mSELECT "reviews".* FROM "reviews"[0m
  ↳ app/controllers/reviews_controller.rb:8:in `index'
Completed 200 OK in 3ms (Views: 2.6ms | ActiveRecord: 0.1ms | Allocations: 957)


Started GET "/reviews" for 127.0.0.1 at 2021-07-09 20:42:41 -0400
Processing by ReviewsController#index as */*
  [1m[36mReview Load (0.1ms)[0m  [1m[34mSELECT "reviews".* FROM "reviews"[0m
  ↳ app/controllers/reviews_controller.rb:8:in `index'
Completed 200 OK in 3ms (Views: 2.8ms | ActiveRecord: 0.1ms | Allocations: 957)


Started GET "/reviews" for 127.0.0.1 at 2021-07-09 20:42:41 -0400
Processing by ReviewsController#index as */*
  [1m[36mReview Load (0.2ms)[0m  [1m[34mSELECT "reviews".* FROM "reviews"[0m
  ↳ app/controllers/reviews_controller.rb:8:in `index'
Completed 200 OK in 3ms (Views: 2.1ms | ActiveRecord: 0.2ms | Allocations: 957)


Started GET "/reviews" for 127.0.0.1 at 2021-07-09 20:42:41 -0400
Processing by ReviewsController#index as */*
  [1m[36mReview Load (0.1ms)[0m  [1m[34mSELECT "reviews".* FROM "reviews"[0m
  ↳ app/controllers/reviews_controller.rb:8:in `index'
Completed 200 OK in 2ms (Views: 1.9ms | ActiveRecord: 0.1ms | Allocations: 957)


Started GET "/reviews" for 127.0.0.1 at 2021-07-09 20:44:01 -0400
Processing by ReviewsController#index as */*
  [1m[36mReview Load (0.2ms)[0m  [1m[34mSELECT "reviews".* FROM "reviews"[0m
  ↳ app/controllers/reviews_controller.rb:8:in `index'
Completed 200 OK in 3ms (Views: 2.3ms | ActiveRecord: 0.2ms | Allocations: 958)


Started GET "/reviews" for 127.0.0.1 at 2021-07-09 20:44:01 -0400
Processing by ReviewsController#index as */*
  [1m[36mReview Load (0.2ms)[0m  [1m[34mSELECT "reviews".* FROM "reviews"[0m
  ↳ app/controllers/reviews_controller.rb:8:in `index'
Completed 200 OK in 3ms (Views: 2.3ms | ActiveRecord: 0.2ms | Allocations: 957)


Started GET "/reviews" for 127.0.0.1 at 2021-07-09 20:44:02 -0400
Processing by ReviewsController#index as */*
  [1m[36mReview Load (0.2ms)[0m  [1m[34mSELECT "reviews".* FROM "reviews"[0m
  ↳ app/controllers/reviews_controller.rb:8:in `index'
Completed 200 OK in 3ms (Views: 2.2ms | ActiveRecord: 0.2ms | Allocations: 957)


Started GET "/reviews" for 127.0.0.1 at 2021-07-09 20:44:02 -0400
Processing by ReviewsController#index as */*
  [1m[36mReview Load (0.3ms)[0m  [1m[34mSELECT "reviews".* FROM "reviews"[0m
  ↳ app/controllers/reviews_controller.rb:8:in `index'
Completed 200 OK in 15ms (Views: 14.6ms | ActiveRecord: 0.3ms | Allocations: 958)


Started GET "/reviews" for 127.0.0.1 at 2021-07-09 20:44:02 -0400
Processing by ReviewsController#index as */*
  [1m[36mReview Load (0.2ms)[0m  [1m[34mSELECT "reviews".* FROM "reviews"[0m
  ↳ app/controllers/reviews_controller.rb:8:in `index'
Completed 200 OK in 4ms (Views: 3.0ms | ActiveRecord: 0.2ms | Allocations: 957)


Started GET "/reviews" for 127.0.0.1 at 2021-07-09 20:44:03 -0400
Processing by ReviewsController#index as */*
  [1m[36mReview Load (0.2ms)[0m  [1m[34mSELECT "reviews".* FROM "reviews"[0m
  ↳ app/controllers/reviews_controller.rb:8:in `index'
Completed 200 OK in 3ms (Views: 2.1ms | ActiveRecord: 0.2ms | Allocations: 957)


Started GET "/reviews" for 127.0.0.1 at 2021-07-09 20:44:03 -0400
Processing by ReviewsController#index as */*
  [1m[36mReview Load (0.2ms)[0m  [1m[34mSELECT "reviews".* FROM "reviews"[0m
  ↳ app/controllers/reviews_controller.rb:8:in `index'
Completed 200 OK in 2ms (Views: 1.9ms | ActiveRecord: 0.2ms | Allocations: 957)


Started GET "/reviews" for 127.0.0.1 at 2021-07-09 20:44:16 -0400
Processing by ReviewsController#index as */*
  [1m[36mReview Load (0.1ms)[0m  [1m[34mSELECT "reviews".* FROM "reviews"[0m
  ↳ app/controllers/reviews_controller.rb:8:in `index'
Completed 200 OK in 2ms (Views: 1.4ms | ActiveRecord: 0.1ms | Allocations: 957)


Started GET "/reviews" for 127.0.0.1 at 2021-07-09 20:44:17 -0400
Processing by ReviewsController#index as */*
  [1m[36mReview Load (0.3ms)[0m  [1m[34mSELECT "reviews".* FROM "reviews"[0m
  ↳ app/controllers/reviews_controller.rb:8:in `index'
Completed 200 OK in 3ms (Views: 2.3ms | ActiveRecord: 0.3ms | Allocations: 957)


Started GET "/reviews" for 127.0.0.1 at 2021-07-09 20:44:18 -0400
Processing by ReviewsController#index as */*
  [1m[36mReview Load (0.4ms)[0m  [1m[34mSELECT "reviews".* FROM "reviews"[0m
  ↳ app/controllers/reviews_controller.rb:8:in `index'
Completed 200 OK in 3ms (Views: 1.9ms | ActiveRecord: 0.4ms | Allocations: 957)


Started GET "/reviews" for 127.0.0.1 at 2021-07-09 20:44:18 -0400
Processing by ReviewsController#index as */*
  [1m[36mReview Load (0.1ms)[0m  [1m[34mSELECT "reviews".* FROM "reviews"[0m
  ↳ app/controllers/reviews_controller.rb:8:in `index'
Completed 200 OK in 2ms (Views: 1.5ms | ActiveRecord: 0.1ms | Allocations: 957)


Started GET "/reviews" for 127.0.0.1 at 2021-07-09 20:44:18 -0400
Processing by ReviewsController#index as */*
  [1m[36mReview Load (0.3ms)[0m  [1m[34mSELECT "reviews".* FROM "reviews"[0m
  ↳ app/controllers/reviews_controller.rb:8:in `index'
Completed 200 OK in 4ms (Views: 3.5ms | ActiveRecord: 0.3ms | Allocations: 957)


Started GET "/reviews" for 127.0.0.1 at 2021-07-09 20:44:19 -0400
Processing by ReviewsController#index as */*
  [1m[36mReview Load (0.1ms)[0m  [1m[34mSELECT "reviews".* FROM "reviews"[0m
  ↳ app/controllers/reviews_controller.rb:8:in `index'
Completed 200 OK in 2ms (Views: 1.4ms | ActiveRecord: 0.1ms | Allocations: 957)


Started GET "/reviews" for 127.0.0.1 at 2021-07-09 20:45:11 -0400
Processing by ReviewsController#index as */*
  [1m[36mReview Load (0.1ms)[0m  [1m[34mSELECT "reviews".* FROM "reviews"[0m
  ↳ app/controllers/reviews_controller.rb:8:in `index'
Completed 200 OK in 2ms (Views: 1.7ms | ActiveRecord: 0.1ms | Allocations: 957)


Started GET "/reviews" for 127.0.0.1 at 2021-07-09 20:45:26 -0400
Processing by ReviewsController#index as */*
  [1m[36mReview Load (0.2ms)[0m  [1m[34mSELECT "reviews".* FROM "reviews"[0m
  ↳ app/controllers/reviews_controller.rb:8:in `index'
Completed 200 OK in 3ms (Views: 2.1ms | ActiveRecord: 0.2ms | Allocations: 957)


Started GET "/reviews" for 127.0.0.1 at 2021-07-09 20:45:33 -0400
Processing by ReviewsController#index as */*
  [1m[36mReview Load (0.2ms)[0m  [1m[34mSELECT "reviews".* FROM "reviews"[0m
  ↳ app/controllers/reviews_controller.rb:8:in `index'
Completed 200 OK in 3ms (Views: 1.9ms | ActiveRecord: 0.2ms | Allocations: 957)


Started GET "/reviews" for 127.0.0.1 at 2021-07-09 20:48:38 -0400
Processing by ReviewsController#index as */*
  [1m[36mReview Load (0.1ms)[0m  [1m[34mSELECT "reviews".* FROM "reviews"[0m
  ↳ app/controllers/reviews_controller.rb:8:in `index'
Completed 200 OK in 2ms (Views: 1.7ms | ActiveRecord: 0.1ms | Allocations: 958)


Started GET "/reviews" for 127.0.0.1 at 2021-07-09 20:48:50 -0400
Processing by ReviewsController#index as */*
  [1m[36mReview Load (0.2ms)[0m  [1m[34mSELECT "reviews".* FROM "reviews"[0m
  ↳ app/controllers/reviews_controller.rb:8:in `index'
Completed 200 OK in 3ms (Views: 2.2ms | ActiveRecord: 0.2ms | Allocations: 957)


Started GET "/reviews" for 127.0.0.1 at 2021-07-09 20:48:51 -0400
Processing by ReviewsController#index as */*
  [1m[36mReview Load (0.2ms)[0m  [1m[34mSELECT "reviews".* FROM "reviews"[0m
  ↳ app/controllers/reviews_controller.rb:8:in `index'
Completed 200 OK in 2ms (Views: 1.7ms | ActiveRecord: 0.2ms | Allocations: 957)


Started GET "/reviews" for 127.0.0.1 at 2021-07-09 20:48:52 -0400
Processing by ReviewsController#index as */*
  [1m[36mReview Load (0.2ms)[0m  [1m[34mSELECT "reviews".* FROM "reviews"[0m
  ↳ app/controllers/reviews_controller.rb:8:in `index'
Completed 200 OK in 3ms (Views: 2.5ms | ActiveRecord: 0.2ms | Allocations: 958)


Started GET "/reviews" for 127.0.0.1 at 2021-07-09 20:49:07 -0400
Processing by ReviewsController#index as */*
  [1m[36mReview Load (0.1ms)[0m  [1m[34mSELECT "reviews".* FROM "reviews"[0m
  ↳ app/controllers/reviews_controller.rb:8:in `index'
Completed 200 OK in 2ms (Views: 1.5ms | ActiveRecord: 0.1ms | Allocations: 957)


Started GET "/reviews" for 127.0.0.1 at 2021-07-09 20:49:09 -0400
Processing by ReviewsController#index as */*
  [1m[36mReview Load (0.1ms)[0m  [1m[34mSELECT "reviews".* FROM "reviews"[0m
  ↳ app/controllers/reviews_controller.rb:8:in `index'
Completed 200 OK in 2ms (Views: 1.9ms | ActiveRecord: 0.1ms | Allocations: 957)


Started GET "/reviews" for 127.0.0.1 at 2021-07-09 20:49:12 -0400
Processing by ReviewsController#index as */*
  [1m[36mReview Load (0.2ms)[0m  [1m[34mSELECT "reviews".* FROM "reviews"[0m
  ↳ app/controllers/reviews_controller.rb:8:in `index'
Completed 200 OK in 4ms (Views: 3.0ms | ActiveRecord: 0.2ms | Allocations: 957)


Started GET "/reviews" for 127.0.0.1 at 2021-07-09 20:51:30 -0400
Processing by ReviewsController#index as */*
  [1m[36mReview Load (0.2ms)[0m  [1m[34mSELECT "reviews".* FROM "reviews"[0m
  ↳ app/controllers/reviews_controller.rb:8:in `index'
Completed 200 OK in 2ms (Views: 1.7ms | ActiveRecord: 0.2ms | Allocations: 957)


Started GET "/reviews" for 127.0.0.1 at 2021-07-09 20:51:36 -0400
Processing by ReviewsController#index as */*
  [1m[36mReview Load (0.2ms)[0m  [1m[34mSELECT "reviews".* FROM "reviews"[0m
  ↳ app/controllers/reviews_controller.rb:8:in `index'
Completed 200 OK in 3ms (Views: 2.4ms | ActiveRecord: 0.2ms | Allocations: 957)


Started GET "/reviews" for 127.0.0.1 at 2021-07-09 20:51:37 -0400
Processing by ReviewsController#index as */*
  [1m[36mReview Load (0.2ms)[0m  [1m[34mSELECT "reviews".* FROM "reviews"[0m
  ↳ app/controllers/reviews_controller.rb:8:in `index'
Completed 200 OK in 2ms (Views: 1.9ms | ActiveRecord: 0.2ms | Allocations: 957)


Started GET "/reviews" for 127.0.0.1 at 2021-07-09 20:51:40 -0400
Processing by ReviewsController#index as */*
  [1m[36mReview Load (0.1ms)[0m  [1m[34mSELECT "reviews".* FROM "reviews"[0m
  ↳ app/controllers/reviews_controller.rb:8:in `index'
Completed 200 OK in 2ms (Views: 1.8ms | ActiveRecord: 0.1ms | Allocations: 957)


Started GET "/reviews" for 127.0.0.1 at 2021-07-09 20:53:25 -0400
Processing by ReviewsController#index as */*
  [1m[36mReview Load (0.1ms)[0m  [1m[34mSELECT "reviews".* FROM "reviews"[0m
  ↳ app/controllers/reviews_controller.rb:8:in `index'
Completed 200 OK in 2ms (Views: 1.8ms | ActiveRecord: 0.1ms | Allocations: 957)


Started GET "/reviews" for 127.0.0.1 at 2021-07-09 20:56:00 -0400
Processing by ReviewsController#index as */*
  [1m[36mReview Load (0.7ms)[0m  [1m[34mSELECT "reviews".* FROM "reviews"[0m
  ↳ app/controllers/reviews_controller.rb:8:in `index'
Completed 200 OK in 2ms (Views: 1.4ms | ActiveRecord: 0.7ms | Allocations: 957)


Started GET "/reviews" for 127.0.0.1 at 2021-07-09 20:58:40 -0400
Processing by ReviewsController#index as */*
  [1m[36mReview Load (0.1ms)[0m  [1m[34mSELECT "reviews".* FROM "reviews"[0m
  ↳ app/controllers/reviews_controller.rb:8:in `index'
Completed 200 OK in 2ms (Views: 1.5ms | ActiveRecord: 0.1ms | Allocations: 958)


Started GET "/reviews" for 127.0.0.1 at 2021-07-09 20:58:41 -0400
Processing by ReviewsController#index as */*
  [1m[36mReview Load (0.2ms)[0m  [1m[34mSELECT "reviews".* FROM "reviews"[0m
  ↳ app/controllers/reviews_controller.rb:8:in `index'
Completed 200 OK in 4ms (Views: 3.0ms | ActiveRecord: 0.2ms | Allocations: 957)


Started GET "/reviews" for 127.0.0.1 at 2021-07-09 20:58:41 -0400
Processing by ReviewsController#index as */*
  [1m[36mReview Load (0.1ms)[0m  [1m[34mSELECT "reviews".* FROM "reviews"[0m
  ↳ app/controllers/reviews_controller.rb:8:in `index'
Completed 200 OK in 3ms (Views: 2.3ms | ActiveRecord: 0.1ms | Allocations: 957)


Started GET "/reviews" for 127.0.0.1 at 2021-07-09 20:58:42 -0400
Processing by ReviewsController#index as */*
  [1m[36mReview Load (0.2ms)[0m  [1m[34mSELECT "reviews".* FROM "reviews"[0m
  ↳ app/controllers/reviews_controller.rb:8:in `index'
Completed 200 OK in 4ms (Views: 3.4ms | ActiveRecord: 0.2ms | Allocations: 958)


Started GET "/reviews" for 127.0.0.1 at 2021-07-09 20:58:42 -0400
Processing by ReviewsController#index as */*
  [1m[36mReview Load (0.2ms)[0m  [1m[34mSELECT "reviews".* FROM "reviews"[0m
  ↳ app/controllers/reviews_controller.rb:8:in `index'
Completed 200 OK in 3ms (Views: 2.3ms | ActiveRecord: 0.2ms | Allocations: 957)


Started GET "/reviews" for 127.0.0.1 at 2021-07-09 20:59:32 -0400
Processing by ReviewsController#index as */*
  [1m[36mReview Load (0.1ms)[0m  [1m[34mSELECT "reviews".* FROM "reviews"[0m
  ↳ app/controllers/reviews_controller.rb:8:in `index'
Completed 200 OK in 2ms (Views: 1.5ms | ActiveRecord: 0.1ms | Allocations: 957)


Started GET "/reviews" for 127.0.0.1 at 2021-07-09 20:59:59 -0400
Processing by ReviewsController#index as */*
  [1m[36mReview Load (0.1ms)[0m  [1m[34mSELECT "reviews".* FROM "reviews"[0m
  ↳ app/controllers/reviews_controller.rb:8:in `index'
Completed 200 OK in 2ms (Views: 1.5ms | ActiveRecord: 0.1ms | Allocations: 957)


Started GET "/reviews" for 127.0.0.1 at 2021-07-09 21:00:08 -0400
Processing by ReviewsController#index as */*
  [1m[36mReview Load (0.2ms)[0m  [1m[34mSELECT "reviews".* FROM "reviews"[0m
  ↳ app/controllers/reviews_controller.rb:8:in `index'
Completed 200 OK in 2ms (Views: 1.9ms | ActiveRecord: 0.2ms | Allocations: 957)


Started GET "/reviews" for 127.0.0.1 at 2021-07-09 21:00:30 -0400
Processing by ReviewsController#index as */*
  [1m[36mReview Load (0.1ms)[0m  [1m[34mSELECT "reviews".* FROM "reviews"[0m
  ↳ app/controllers/reviews_controller.rb:8:in `index'
Completed 200 OK in 2ms (Views: 1.6ms | ActiveRecord: 0.1ms | Allocations: 957)


Started GET "/reviews" for 127.0.0.1 at 2021-07-09 21:05:43 -0400
Processing by ReviewsController#index as */*
  [1m[36mReview Load (0.1ms)[0m  [1m[34mSELECT "reviews".* FROM "reviews"[0m
  ↳ app/controllers/reviews_controller.rb:8:in `index'
Completed 200 OK in 2ms (Views: 1.8ms | ActiveRecord: 0.1ms | Allocations: 957)


Started GET "/reviews" for 127.0.0.1 at 2021-07-09 21:05:54 -0400
Processing by ReviewsController#index as */*
  [1m[36mReview Load (0.3ms)[0m  [1m[34mSELECT "reviews".* FROM "reviews"[0m
  ↳ app/controllers/reviews_controller.rb:8:in `index'
Completed 200 OK in 4ms (Views: 3.8ms | ActiveRecord: 0.3ms | Allocations: 957)


Started GET "/reviews" for 127.0.0.1 at 2021-07-09 21:06:05 -0400
Processing by ReviewsController#index as */*
  [1m[36mReview Load (0.2ms)[0m  [1m[34mSELECT "reviews".* FROM "reviews"[0m
  ↳ app/controllers/reviews_controller.rb:8:in `index'
Completed 200 OK in 3ms (Views: 2.3ms | ActiveRecord: 0.2ms | Allocations: 957)


Started GET "/reviews" for 127.0.0.1 at 2021-07-09 21:06:06 -0400
Processing by ReviewsController#index as */*
  [1m[36mReview Load (0.2ms)[0m  [1m[34mSELECT "reviews".* FROM "reviews"[0m
  ↳ app/controllers/reviews_controller.rb:8:in `index'
Completed 200 OK in 4ms (Views: 3.0ms | ActiveRecord: 0.2ms | Allocations: 957)


Started GET "/reviews" for 127.0.0.1 at 2021-07-09 21:06:52 -0400
Processing by ReviewsController#index as */*
  [1m[36mReview Load (0.2ms)[0m  [1m[34mSELECT "reviews".* FROM "reviews"[0m
  ↳ app/controllers/reviews_controller.rb:8:in `index'
Completed 200 OK in 3ms (Views: 2.6ms | ActiveRecord: 0.2ms | Allocations: 957)


Started GET "/reviews" for 127.0.0.1 at 2021-07-09 21:06:53 -0400
Processing by ReviewsController#index as */*
  [1m[36mReview Load (0.1ms)[0m  [1m[34mSELECT "reviews".* FROM "reviews"[0m
  ↳ app/controllers/reviews_controller.rb:8:in `index'
Completed 200 OK in 3ms (Views: 2.6ms | ActiveRecord: 0.1ms | Allocations: 957)


Started GET "/reviews" for 127.0.0.1 at 2021-07-09 21:06:53 -0400
Processing by ReviewsController#index as */*
  [1m[36mReview Load (0.2ms)[0m  [1m[34mSELECT "reviews".* FROM "reviews"[0m
  ↳ app/controllers/reviews_controller.rb:8:in `index'
Completed 200 OK in 3ms (Views: 2.1ms | ActiveRecord: 0.2ms | Allocations: 957)


Started GET "/reviews" for 127.0.0.1 at 2021-07-09 21:06:53 -0400
Processing by ReviewsController#index as */*
  [1m[36mReview Load (0.2ms)[0m  [1m[34mSELECT "reviews".* FROM "reviews"[0m
  ↳ app/controllers/reviews_controller.rb:8:in `index'
Completed 200 OK in 2ms (Views: 1.9ms | ActiveRecord: 0.2ms | Allocations: 958)


Started GET "/reviews" for 127.0.0.1 at 2021-07-09 21:07:18 -0400
Processing by ReviewsController#index as */*
  [1m[36mReview Load (0.1ms)[0m  [1m[34mSELECT "reviews".* FROM "reviews"[0m
  ↳ app/controllers/reviews_controller.rb:8:in `index'
Completed 200 OK in 3ms (Views: 2.4ms | ActiveRecord: 0.1ms | Allocations: 957)


Started GET "/reviews" for 127.0.0.1 at 2021-07-09 21:07:53 -0400
Processing by ReviewsController#index as */*
  [1m[36mReview Load (0.1ms)[0m  [1m[34mSELECT "reviews".* FROM "reviews"[0m
  ↳ app/controllers/reviews_controller.rb:8:in `index'
Completed 200 OK in 2ms (Views: 1.3ms | ActiveRecord: 0.1ms | Allocations: 957)


Started GET "/reviews" for 127.0.0.1 at 2021-07-09 21:08:18 -0400
Processing by ReviewsController#index as */*
  [1m[36mReview Load (0.2ms)[0m  [1m[34mSELECT "reviews".* FROM "reviews"[0m
  ↳ app/controllers/reviews_controller.rb:8:in `index'
Completed 200 OK in 2ms (Views: 1.7ms | ActiveRecord: 0.2ms | Allocations: 958)


Started GET "/reviews" for 127.0.0.1 at 2021-07-09 21:08:21 -0400
Processing by ReviewsController#index as */*
  [1m[36mReview Load (0.2ms)[0m  [1m[34mSELECT "reviews".* FROM "reviews"[0m
  ↳ app/controllers/reviews_controller.rb:8:in `index'
Completed 200 OK in 3ms (Views: 1.6ms | ActiveRecord: 0.2ms | Allocations: 957)


Started GET "/reviews" for 127.0.0.1 at 2021-07-09 21:08:23 -0400
Processing by ReviewsController#index as */*
  [1m[36mReview Load (0.2ms)[0m  [1m[34mSELECT "reviews".* FROM "reviews"[0m
  ↳ app/controllers/reviews_controller.rb:8:in `index'
Completed 200 OK in 3ms (Views: 3.0ms | ActiveRecord: 0.2ms | Allocations: 957)


Started GET "/reviews" for 127.0.0.1 at 2021-07-09 21:08:34 -0400
Processing by ReviewsController#index as */*
  [1m[36mReview Load (0.2ms)[0m  [1m[34mSELECT "reviews".* FROM "reviews"[0m
  ↳ app/controllers/reviews_controller.rb:8:in `index'
Completed 200 OK in 3ms (Views: 2.7ms | ActiveRecord: 0.2ms | Allocations: 957)


Started GET "/reviews" for 127.0.0.1 at 2021-07-09 21:08:35 -0400
Processing by ReviewsController#index as */*
  [1m[36mReview Load (0.2ms)[0m  [1m[34mSELECT "reviews".* FROM "reviews"[0m
  ↳ app/controllers/reviews_controller.rb:8:in `index'
Completed 200 OK in 3ms (Views: 2.5ms | ActiveRecord: 0.2ms | Allocations: 957)


Started GET "/reviews" for 127.0.0.1 at 2021-07-09 21:08:50 -0400
Processing by ReviewsController#index as */*
  [1m[36mReview Load (0.1ms)[0m  [1m[34mSELECT "reviews".* FROM "reviews"[0m
  ↳ app/controllers/reviews_controller.rb:8:in `index'
Completed 200 OK in 2ms (Views: 1.4ms | ActiveRecord: 0.1ms | Allocations: 957)


Started GET "/reviews" for 127.0.0.1 at 2021-07-09 21:08:51 -0400
Processing by ReviewsController#index as */*
  [1m[36mReview Load (0.1ms)[0m  [1m[34mSELECT "reviews".* FROM "reviews"[0m
  ↳ app/controllers/reviews_controller.rb:8:in `index'
Completed 200 OK in 3ms (Views: 2.2ms | ActiveRecord: 0.1ms | Allocations: 957)


Started GET "/reviews" for 127.0.0.1 at 2021-07-09 21:09:23 -0400
Processing by ReviewsController#index as */*
  [1m[36mReview Load (0.3ms)[0m  [1m[34mSELECT "reviews".* FROM "reviews"[0m
  ↳ app/controllers/reviews_controller.rb:8:in `index'
Completed 200 OK in 3ms (Views: 2.7ms | ActiveRecord: 0.3ms | Allocations: 957)


Started GET "/reviews" for 127.0.0.1 at 2021-07-09 21:09:50 -0400
Processing by ReviewsController#index as */*
  [1m[36mReview Load (0.2ms)[0m  [1m[34mSELECT "reviews".* FROM "reviews"[0m
  ↳ app/controllers/reviews_controller.rb:8:in `index'
Completed 200 OK in 4ms (Views: 3.1ms | ActiveRecord: 0.2ms | Allocations: 957)


Started GET "/reviews" for 127.0.0.1 at 2021-07-09 21:09:51 -0400
Processing by ReviewsController#index as */*
  [1m[36mReview Load (0.2ms)[0m  [1m[34mSELECT "reviews".* FROM "reviews"[0m
  ↳ app/controllers/reviews_controller.rb:8:in `index'
Completed 200 OK in 5ms (Views: 3.7ms | ActiveRecord: 0.2ms | Allocations: 957)


Started GET "/reviews" for 127.0.0.1 at 2021-07-09 21:09:52 -0400
Processing by ReviewsController#index as */*
  [1m[36mReview Load (0.2ms)[0m  [1m[34mSELECT "reviews".* FROM "reviews"[0m
  ↳ app/controllers/reviews_controller.rb:8:in `index'
Completed 200 OK in 4ms (Views: 3.3ms | ActiveRecord: 0.2ms | Allocations: 957)


Started GET "/reviews" for 127.0.0.1 at 2021-07-09 21:09:52 -0400
Processing by ReviewsController#index as */*
  [1m[36mReview Load (0.2ms)[0m  [1m[34mSELECT "reviews".* FROM "reviews"[0m
  ↳ app/controllers/reviews_controller.rb:8:in `index'
Completed 200 OK in 3ms (Views: 2.2ms | ActiveRecord: 0.2ms | Allocations: 958)


Started GET "/reviews" for 127.0.0.1 at 2021-07-09 21:09:52 -0400
Processing by ReviewsController#index as */*
  [1m[36mReview Load (0.2ms)[0m  [1m[34mSELECT "reviews".* FROM "reviews"[0m
  ↳ app/controllers/reviews_controller.rb:8:in `index'
Completed 200 OK in 3ms (Views: 2.1ms | ActiveRecord: 0.2ms | Allocations: 957)


Started GET "/reviews" for 127.0.0.1 at 2021-07-09 21:09:52 -0400
Processing by ReviewsController#index as */*
  [1m[36mReview Load (0.2ms)[0m  [1m[34mSELECT "reviews".* FROM "reviews"[0m
  ↳ app/controllers/reviews_controller.rb:8:in `index'
Completed 200 OK in 2ms (Views: 2.0ms | ActiveRecord: 0.2ms | Allocations: 957)


Started GET "/reviews" for 127.0.0.1 at 2021-07-09 21:10:17 -0400
Processing by ReviewsController#index as */*
  [1m[36mReview Load (0.2ms)[0m  [1m[34mSELECT "reviews".* FROM "reviews"[0m
  ↳ app/controllers/reviews_controller.rb:8:in `index'
Completed 200 OK in 3ms (Views: 2.3ms | ActiveRecord: 0.2ms | Allocations: 958)


Started GET "/reviews" for 127.0.0.1 at 2021-07-09 21:10:18 -0400
Processing by ReviewsController#index as */*
  [1m[36mReview Load (0.1ms)[0m  [1m[34mSELECT "reviews".* FROM "reviews"[0m
  ↳ app/controllers/reviews_controller.rb:8:in `index'
Completed 200 OK in 2ms (Views: 1.9ms | ActiveRecord: 0.1ms | Allocations: 957)


Started GET "/reviews" for 127.0.0.1 at 2021-07-09 21:10:26 -0400
Processing by ReviewsController#index as */*
  [1m[36mReview Load (0.1ms)[0m  [1m[34mSELECT "reviews".* FROM "reviews"[0m
  ↳ app/controllers/reviews_controller.rb:8:in `index'
Completed 200 OK in 3ms (Views: 2.5ms | ActiveRecord: 0.1ms | Allocations: 957)


Started GET "/reviews" for 127.0.0.1 at 2021-07-09 21:10:44 -0400
Processing by ReviewsController#index as */*
  [1m[36mReview Load (0.2ms)[0m  [1m[34mSELECT "reviews".* FROM "reviews"[0m
  ↳ app/controllers/reviews_controller.rb:8:in `index'
Completed 200 OK in 4ms (Views: 3.0ms | ActiveRecord: 0.2ms | Allocations: 957)


Started GET "/reviews" for 127.0.0.1 at 2021-07-09 21:10:48 -0400
Processing by ReviewsController#index as */*
  [1m[36mReview Load (0.1ms)[0m  [1m[34mSELECT "reviews".* FROM "reviews"[0m
  ↳ app/controllers/reviews_controller.rb:8:in `index'
Completed 200 OK in 2ms (Views: 2.0ms | ActiveRecord: 0.1ms | Allocations: 957)


Started GET "/reviews" for 127.0.0.1 at 2021-07-09 21:11:28 -0400
Processing by ReviewsController#index as */*
  [1m[36mReview Load (0.1ms)[0m  [1m[34mSELECT "reviews".* FROM "reviews"[0m
  ↳ app/controllers/reviews_controller.rb:8:in `index'
Completed 200 OK in 2ms (Views: 1.7ms | ActiveRecord: 0.1ms | Allocations: 957)


Started GET "/reviews" for 127.0.0.1 at 2021-07-09 21:11:52 -0400
Processing by ReviewsController#index as */*
  [1m[36mReview Load (0.1ms)[0m  [1m[34mSELECT "reviews".* FROM "reviews"[0m
  ↳ app/controllers/reviews_controller.rb:8:in `index'
Completed 200 OK in 2ms (Views: 1.6ms | ActiveRecord: 0.1ms | Allocations: 957)


Started GET "/reviews" for 127.0.0.1 at 2021-07-09 21:11:56 -0400
Processing by ReviewsController#index as */*
  [1m[36mReview Load (0.1ms)[0m  [1m[34mSELECT "reviews".* FROM "reviews"[0m
  ↳ app/controllers/reviews_controller.rb:8:in `index'
Completed 200 OK in 2ms (Views: 1.3ms | ActiveRecord: 0.1ms | Allocations: 957)


Started GET "/reviews" for 127.0.0.1 at 2021-07-09 21:13:05 -0400
Processing by ReviewsController#index as */*
  [1m[36mReview Load (0.1ms)[0m  [1m[34mSELECT "reviews".* FROM "reviews"[0m
  ↳ app/controllers/reviews_controller.rb:8:in `index'
Completed 200 OK in 2ms (Views: 1.8ms | ActiveRecord: 0.1ms | Allocations: 957)


Started GET "/reviews" for 127.0.0.1 at 2021-07-09 21:13:08 -0400
Processing by ReviewsController#index as */*
  [1m[36mReview Load (0.2ms)[0m  [1m[34mSELECT "reviews".* FROM "reviews"[0m
  ↳ app/controllers/reviews_controller.rb:8:in `index'
Completed 200 OK in 2ms (Views: 2.0ms | ActiveRecord: 0.2ms | Allocations: 957)


Started GET "/reviews" for 127.0.0.1 at 2021-07-09 21:13:12 -0400
Processing by ReviewsController#index as */*
  [1m[36mReview Load (0.1ms)[0m  [1m[34mSELECT "reviews".* FROM "reviews"[0m
  ↳ app/controllers/reviews_controller.rb:8:in `index'
Completed 200 OK in 2ms (Views: 1.6ms | ActiveRecord: 0.1ms | Allocations: 957)


Started GET "/reviews" for 127.0.0.1 at 2021-07-09 21:38:07 -0400
Processing by ReviewsController#index as */*
  [1m[35m (0.3ms)[0m  [1m[34mSELECT sqlite_version(*)[0m
  ↳ app/controllers/reviews_controller.rb:8:in `index'
  [1m[36mReview Load (0.8ms)[0m  [1m[34mSELECT "reviews".* FROM "reviews"[0m
  ↳ app/controllers/reviews_controller.rb:8:in `index'
Completed 200 OK in 32ms (Views: 25.6ms | ActiveRecord: 2.1ms | Allocations: 1528)


Started GET "/reviews" for 127.0.0.1 at 2021-07-09 21:40:48 -0400
Processing by ReviewsController#index as */*
  [1m[36mReview Load (0.1ms)[0m  [1m[34mSELECT "reviews".* FROM "reviews"[0m
  ↳ app/controllers/reviews_controller.rb:8:in `index'
Completed 200 OK in 3ms (Views: 2.3ms | ActiveRecord: 0.1ms | Allocations: 957)


